  0.100000000000000        2373.37800722436        2970194.15079459     
   110499.787000000        101037.300000000        9462.48700000000     
  3.616438796161330E-003  7.936938487711244E-005   235.166082238323     
  7.278953843983151E-002   2377.26500871372        2979432.49169917     
   110499.650000000        101262.500000000        9237.15000000000     
  3.609732464708018E-003  7.947807553070590E-005   235.384432485369     
  5.298316906283707E-002   2382.26870079655        2991425.29785495     
   110499.099000000        101552.600000000        8946.49900000000     
  3.601112486580792E-003  7.961843160789024E-005   235.665984176062     
  3.856620421163472E-002   2388.61394866231        3006798.45235394     
   110501.090000000        101920.800000000        8580.29000000000     
  3.590201857874899E-003  7.979714420139626E-005   236.023807649988     
  2.807216203941177E-002   2396.39341813985        3025902.68106878     
   110499.190000000        102372.600000000        8126.59000000000     
  3.576855255526850E-003  8.001738325613384E-005   236.463745384913     
  2.043359717856942E-002   2405.73491803628        3049224.09670972     
   110499.989000000        102915.900000000        7584.08900000000     
  3.560870801616481E-003  8.028353663202700E-005   236.993884951422     
  1.487352107293512E-002   2416.52947843407        3076704.70893487     
   110499.693000000        103544.800000000        6954.89300000000     
  3.542454030573867E-003  8.059346370136198E-005   237.609137879018     
  1.082636733874055E-002   2428.55655822438        3108013.84569252     
   110499.936000000        104246.800000000        6253.13600000000     
  3.521998387792046E-003  8.094188214506133E-005   238.298152696816     
  7.880462815669913E-003   2441.40302849121        3142285.43659143     
   110499.845000000        104998.100000000        5501.74500000000     
  3.500218183108735E-003  8.131778821600773E-005   239.038412514642     
  5.736152510448681E-003   2454.53966761692        3178245.67134810     
   110499.582000000        105768.200000000        4731.38200000000     
  3.478013865184678E-003  8.170634540888805E-005   239.800233686477     
  4.175318936560400E-003   2467.40711014897        3214393.92366345     
   110500.193000000        106524.200000000        3975.99300000000     
  3.456325380611768E-003  8.209117117012527E-005   240.551433074691     
  3.039195382313198E-003   2479.46639042899        3249127.42558360     
   110500.854000000        107234.300000000        3266.55400000000     
  3.436048945914982E-003  8.245575989692540E-005   241.260148152245     
  2.212216291070450E-003   2490.27974307374        3280995.12375468     
   110499.358000000        107872.400000000        2626.95800000000     
  3.417904937989221E-003  8.278601558636830E-005   241.899668545617     
  1.610262027560939E-003   2499.65363402367        3309186.32247642     
   110499.202000000        108426.600000000        2072.60200000000     
  3.402202662827774E-003  8.307492654126999E-005   242.457249893613     
  1.172102297533480E-003   2507.50184141250        3333200.94024748     
   110499.532000000        108891.400000000        1608.13200000000     
  3.389073595856224E-003  8.331872533599268E-005   242.926429204541     
  8.531678524172806E-004   2513.89205107184        3353035.74123818     
   110500.733000000        109270.400000000        1230.33300000000     
  3.378394646452509E-003  8.351854089376613E-005   243.310066613145     
  6.210169418915617E-004   2518.92573460448        3368840.04525241     
   110499.624400000        109569.300000000        930.324400000000     
  3.369989283865695E-003  8.367677728403023E-005   243.613307873877     
  4.520353656360245E-004   2522.86300710149        3381313.58709422     
   110500.407000000        109803.300000000        697.107000000000     
  3.363418643604191E-003  8.380106753788470E-005   243.851148840670     
  3.290344562312668E-004   2525.87223716932        3390913.57884496     
   110500.791900000        109982.200000000        518.591900000000     
  3.358398987511502E-003  8.389637193025505E-005   244.033318117516     
  2.395026619987486E-004   2528.13673482438        3398175.96455609     
   110500.644200000        110117.000000000        383.644200000000     
  3.354622856447163E-003  8.396826840002309E-005   244.170627801276     
  1.743328822199987E-004   2529.82955245702        3403626.46562006     
   110500.324200000        110217.700000000        282.624200000000     
  3.351800708492855E-003  8.402211479844364E-005   244.273399721935     
  1.268961003167922E-004   2531.10057298128        3407731.01524787     
   110500.964700000        110293.400000000        207.564700000000     
  3.349682131716837E-003  8.406260102081989E-005   244.350635582036     
   1.10000000000000     
