   1.00000000000000        5497.67233583538        20072129.1255913     
   900008.000000000        283039.100000000        616968.900000000     
  6.686610060540688E-004  1.620492124996002E-004   691.423895862430     
  0.672335753649934        5505.13885471006        20249661.6694261     
   899996.000000000        283571.100000000        616424.900000000     
  6.654639460767399E-004  1.623645135542468E-004   693.082798177525     
  0.452035365636024        5516.25633033796        20515820.4487390     
   899993.600000000        284371.300000000        615622.300000000     
  6.607247941761152E-004  1.628302878780983E-004   695.563983902466     
  0.303919538231320        5532.79610360936        20915659.1237501     
   899992.200000000        285579.800000000        614412.400000000     
  6.537236307202045E-004  1.635146663102901E-004   699.278700635655     
  0.204335971785694        5557.43190344535        21519241.4699286     
   899998.300000000        287424.500000000        612573.800000000     
  6.434130745272844E-004  1.645138772667885E-004   704.859335619816     
  0.137382379588326        5594.20082851394        22435975.9919623     
   899997.900000000        290286.300000000        609711.600000000     
  6.283122781414211E-004  1.659567858370056E-004   713.279313518644     
  9.236708571873861E-002   5649.43892283577        23841524.7889543     
   899996.200000000        294859.400000000        605136.800000000     
  6.063566022138132E-004  1.680055250446972E-004   726.078119093099     
  6.210169418915616E-002   5733.66822235692        26020906.3845438     
   899995.200000000        302531.400000000        597463.800000000     
  5.748203823061255E-004  1.708317334476676E-004   745.729487568804     
  4.175318936560400E-002   5866.72081350994        29429151.0130843     
   899992.900000000        316351.900000000        583641.000000000     
  5.304908991163974E-004  1.745531109311739E-004   776.262102987592     
  2.807216203941176E-002   6096.18874523938        34666852.9692621     
   899997.700000000        343583.500000000        556414.200000000     
  4.708126988758759E-004  1.792750474973910E-004   823.992276365615     
  1.887391822135097E-002   6582.80265706270        41499650.2174680     
   899997.700000000        402371.200000000        497626.500000000     
  3.983479009851735E-004  1.870332201648766E-004   895.809600537232     
  1.268961003167922E-002   7500.08652666522        46505371.1944519     
   899996.600000000        508627.800000000        391368.800000000     
  3.354069930526263E-004  1.991807609597527E-004   976.249484654501     
  8.531678524172805E-003   8279.29856746086        50582917.4751291     
   899992.400000000        613215.300000000        286777.100000000     
  2.969426387553908E-004  1.946547343111314E-004   1037.55379913286     
  5.736152510448676E-003   8763.07391252093        54460848.4502764     
   899991.600000000        696436.300000000        203555.300000000     
  2.737394482279866E-004  1.794176131068957E-004   1080.63308852874     
  3.856620421163472E-003   9047.98990551464        57522298.3944208     
   899997.600000000        758487.500000000        141510.100000000     
  2.597514638925699E-004  1.657241728604299E-004   1109.34847822033     
  2.592943797404667E-003   9221.95792196915        59747448.7023477     
   899997.270000000        802822.400000000        97174.8700000000     
  2.510276779276870E-004  1.559318081359968E-004   1128.46012311166     
  1.743328822199987E-003   9332.20584259072        61315145.7781765     
   899997.220000000        833738.600000000        66258.6200000000     
  2.454214551869773E-004  1.492813706428913E-004   1141.27624156170     
  1.172102297533479E-003   9403.72914789852        62402190.5933010     
   899991.710000000        854993.000000000        44998.7100000000     
  2.417523411743382E-004  1.448181845312156E-004   1149.90432713000     
  7.880462815669905E-004   9450.84359993023        63149610.3836878     
   899994.480000000        869494.900000000        30499.5800000000     
  2.393219743730078E-004  1.418247484063956E-004   1155.72836563091     
  5.298316906283707E-004   9482.12729148133        63660002.1593826     
   899992.830000000        879331.600000000        20661.2300000000     
  2.377025111551743E-004  1.398167918577496E-004   1159.65867704085     
  3.562247890262441E-004   9503.02237012935        64007278.7026842     
   899997.170000000        885990.500000000        14006.6700000000     
  2.366183576709838E-004  1.384675145958778E-004   1162.31235121775     
  2.395026619987484E-004   9516.99895647228        64242449.2703467     
   899996.883000000        890482.100000000        9514.78300000000     
  2.358920879198582E-004  1.375616379858753E-004   1164.10025951857     
  1.610262027560939E-004   9526.37672610845        64401542.7852869     
   899998.478000000        893511.700000000        6486.77800000000     
  2.354043066846750E-004  1.369524044292712E-004   1165.30570610068     
  1.082636733874054E-004   9532.65252197580        64508598.4591060     
   899993.367000000        895546.000000000        4447.36700000000     
  2.350776597867740E-004  1.365440789869857E-004   1166.11504043415     
  7.278953843983146E-005   9536.88032646961        64580984.6245709     
   899993.893000000        896919.300000000        3074.59300000000     
  2.348575122265876E-004  1.362687331746077E-004   1166.66145312675     
  4.893900918477489E-005   9539.72849866353        64629870.5110442     
   899996.706000000        897845.800000000        2150.90600000000     
  2.347091606899000E-004  1.360831189966527E-004   1167.03009948450     
  3.290344562312664E-005   9541.64046824943        64662742.1939287     
   899997.851000000        898468.300000000        1529.55100000000     
  2.346095532450516E-004  1.359584631668507E-004   1167.27781532214     
  2.212216291070446E-005   9542.90228266178        64684460.1390291     
   899991.141000000        898879.500000000        1111.64100000000     
  2.345438082271852E-004  1.358761725246279E-004   1167.44140442653     
  1.487352107293512E-005   9543.76943392490        64699396.3871873     
   899992.701200000        899162.100000000        830.601200000000     
  2.344986226231129E-004  1.358196095729401E-004   1167.55387675018     
  1.000000000000000E-005   9544.35905597482        64709557.5082477     
   899995.919300000        899354.300000000        641.619300000000     
  2.344678967077141E-004  1.357811444649476E-004   1167.63037576541     
   1.10000000000000     
