   1.00000000000000        4153.92156036126        8924375.35685029     
   299997.000000000        152141.400000000        147855.600000000     
  3.453035449459841E-003  1.372727060346283E-004   88.8718067820465     
  0.672335753649934        4158.61766600258        8935072.33815392     
   300001.100000000        152342.600000000        147658.500000000     
  3.448666676844634E-003  1.373935019368264E-004   88.9280804209545     
  0.452035365636024        4165.47508092442        8950764.25096973     
   299999.900000000        152634.600000000        147365.300000000     
  3.442301010383102E-003  1.375698109236502E-004   89.0102675039886     
  0.303919538231320        4175.61908504346        8974137.77233196     
   300001.100000000        153062.900000000        146938.200000000     
  3.432913787073923E-003  1.378304499948659E-004   89.1318827544133     
  0.204335971785694        4190.45697580060        9008686.92787963     
   299999.200000000        153682.800000000        146316.400000000     
  3.419244026146755E-003  1.382113475176463E-004   89.3098748738303     
  0.137382379588326        4212.08546070508        9059858.83152140     
   299999.100000000        154576.100000000        145423.000000000     
  3.399442569694373E-003  1.387658902530701E-004   89.5696084943794     
  9.236708571873861E-002   4243.22550371252        9135362.14613478     
   300001.600000000        155848.200000000        144153.400000000     
  3.371174792800844E-003  1.395630838529661E-004   89.9443517830046     
  6.210169418915616E-002   4287.14280854284        9245912.74395492     
   299999.400000000        157630.300000000        142369.100000000     
  3.331745627447739E-003  1.406854326154817E-004   90.4750050316242     
  4.175318936560400E-002   4347.57038527465        9406910.03860027     
   299999.500000000        160084.600000000        139914.900000000     
  3.278207830357342E-003  1.422272701064992E-004   91.2108066483921     
  2.807216203941176E-002   4427.68063855133        9639035.51514753     
   299997.700000000        163371.800000000        136625.900000000     
  3.208225221739253E-003  1.442698667559176E-004   92.2002546472477     
  1.887391822135097E-002   4529.22825994462        9970405.27813510     
   299998.900000000        167626.100000000        132372.800000000     
  3.120572267291644E-003  1.468625260689980E-004   93.4861841465931     
  1.268961003167922E-002   4651.51808337213        10437884.5775944     
   299999.200000000        172934.700000000        127064.500000000     
  3.015589227002164E-003  1.499998699120730E-004   95.0995541630782     
  8.531678524172805E-003   4791.47506442742        11088565.9685534     
   299999.200000000        179412.500000000        120586.700000000     
  2.894752381027233E-003  1.536242840211999E-004   97.0641570862195     
  5.736152510448676E-003   4943.71635914718        11973451.5739551     
   299999.000000000        187427.000000000        112572.000000000     
  2.760753820457056E-003  1.576198291200574E-004   99.3918537895854     
  3.856620421163472E-003   5098.74930824059        13110429.9373342     
   300000.500000000        197962.600000000        102037.900000000     
  2.620113622984454E-003  1.617439268146312E-004   102.024532190076     
  2.592943797404667E-003   5240.68731586707        14401419.1411134     
   299999.040000000        212157.200000000        87841.8400000000     
  2.487098270257694E-003  1.655442242919066E-004   104.717254490869     
  1.743328822199987E-003   5355.19192841306        15640281.6764784     
   299999.100000000        229137.300000000        70861.8000000000     
  2.377083749123538E-003  1.685918760555795E-004   107.113082477664     
  1.172102297533479E-003   5439.63996152703        16674554.8267323     
   299998.740000000        246013.800000000        53984.9400000000     
  2.294826326886146E-003  1.708029315090098E-004   109.015907965615     
  7.880462815669905E-004   5499.31564171724        17468356.4256352     
   299999.670000000        260516.000000000        39483.6700000000     
  2.236396036264390E-003  1.723336244379532E-004   110.430859179816     
  5.298316906283707E-004   5540.68091696057        18048939.0730774     
   299999.370000000        271883.300000000        28116.0700000000     
  2.195868572878061E-003  1.733741234143436E-004   111.445272314897     
  3.562247890262441E-004   5569.06271194602        18461399.0906475     
   299999.470000000        280311.200000000        19688.2700000000     
  2.168095721105592E-003  1.740765591118830E-004   112.156798503505     
  2.395026619987484E-004   5588.40502144326        18748938.5602283     
   299998.050000000        286346.300000000        13651.7500000000     
  2.149200337475063E-003  1.745493530141504E-004   112.648752301546     
  1.610262027560939E-004   5601.54229424128        18947162.0853486     
   299999.246000000        290577.800000000        9421.44600000000     
  2.136386675245845E-003  1.748675607337318E-004   112.986071715512     
  1.082636733874054E-004   5610.43085679586        19082602.5287763     
   299999.544000000        293501.300000000        6498.24400000000     
  2.127727968080217E-003  1.750814659464909E-004   113.215735200754     
  7.278953843983146E-005   5616.43336729608        19174664.6361487     
   299999.759000000        295503.000000000        4496.75900000000     
  2.121886193508738E-003  1.752252657773481E-004   113.371475902039     
  4.893900918477489E-005   5620.47891858748        19236982.3214747     
   299999.239000000        296864.600000000        3134.63900000000     
  2.117951647795567E-003  1.753218819397602E-004   113.476733151375     
  3.290344562312664E-005   5623.20694794836        19279126.9671290     
   299999.576000000        297788.200000000        2211.37600000000     
  2.115299739183670E-003  1.753868943197773E-004   113.547842814269     
  2.212216291070446E-005   5625.04344446828        19307553.7165880     
   299999.745000000        298412.500000000        1587.24500000000     
  2.113515077125455E-003  1.754305969914817E-004   113.595772996551     
  1.487352107293512E-005   5626.27020973378        19326567.2325714     
   299997.269000000        298831.200000000        1166.06900000000     
  2.112323206281034E-003  1.754597614899948E-004   113.627816570350     
  1.000000000000000E-005   5627.10809108251        19339564.8115666     
   299999.225000000        299117.000000000        882.225000000000     
  2.111509283342354E-003  1.754796676750636E-004   113.649714562956     
   1.10000000000000     
