   1.00000000000000        4182.78540817295        8990769.56234684     
   299997.900000000        152826.000000000        147171.900000000     
  3.426302721855267E-003  1.380144634456527E-004   89.2178315371502     
  0.672335753649934        4187.44447688911        9001636.93699585     
   300002.000000000        153083.700000000        146918.300000000     
  3.422013609763094E-003  1.381340467621438E-004   89.2737263616794     
  0.452035365636024        4194.21879486931        9017516.53454882     
   299999.600000000        153460.100000000        146539.500000000     
  3.415789584491585E-003  1.383078538260335E-004   89.3550237323453     
  0.303919538231320        4204.20264801942        9041093.23434870     
   299998.900000000        154018.900000000        145980.000000000     
  3.406642904803021E-003  1.385638665105727E-004   89.4749004725191     
  0.204335971785694        4218.83019002546        9076023.54940983     
   300002.900000000        154846.800000000        145156.100000000     
  3.393296458446422E-003  1.389386718248467E-004   89.6506883763337     
  0.137382379588326        4239.89444988249        9127176.80774458     
   300001.100000000        156058.600000000        143942.500000000     
  3.374185665403686E-003  1.394778694262018E-004   89.9042129634144     
  9.236708571873861E-002   4269.95340868272        9202042.04757671     
   300001.000000000        157830.400000000        142170.600000000     
  3.347121278811230E-003  1.402463716255514E-004   90.2669583724315     
  6.210169418915616E-002   4311.88843936145        9310518.00669265     
   299998.400000000        160393.100000000        139605.300000000     
  3.309729832404466E-003  1.413170837042665E-004   90.7754192626878     
  4.175318936560400E-002   4368.72755934885        9466001.90742353     
   299998.900000000        164055.000000000        135943.900000000     
  3.259628715178428E-003  1.427667440443493E-004   91.4703776889145     
  2.807216203941176E-002   4442.55095964155        9684780.50425960     
   300000.600000000        169185.600000000        130815.000000000     
  3.195330945478216E-003  1.446491309238486E-004   92.3860977650208     
  1.887391822135097E-002   4533.30938512674        9984714.74604233     
   299999.500000000        176188.000000000        123811.500000000     
  3.117064478352351E-003  1.469669031592610E-004   93.5387718068715     
  1.268961003167922E-002   4637.86628425244        10381452.5197979     
   299997.400000000        185427.700000000        114569.700000000     
  3.027313113309621E-003  1.496484735200052E-004   94.9152288819647     
  8.531678524172805E-003   4749.96705117227        10880971.4772686     
   299998.900000000        197079.400000000        102919.500000000     
  2.930756850822840E-003  1.525448512050195E-004   96.4660942215926     
  5.736152510448676E-003   4861.61530166864        11470758.1829471     
   299999.630000000        210892.900000000        89106.7300000000     
  2.833445316294636E-003  1.554578630523765E-004   98.1086262250751     
  3.856620421163472E-003   4965.57477273059        12118217.2108417     
   299998.320000000        226040.200000000        73958.1200000000     
  2.741205766273659E-003  1.581982260604436E-004   99.7456165141861     
  2.592943797404667E-003   5056.90151047994        12777283.1921305     
   299998.820000000        241108.600000000        58890.2200000000     
  2.658547440248872E-003  1.606262437715829E-004   101.284375609366     
  1.743328822199987E-003   5144.99911365115        13502980.1517950     
   299998.390000000        253223.700000000        46774.6900000000     
  2.577217917247151E-003  1.629816469928111E-004   102.870089555192     
  1.172102297533479E-003   5231.10736455516        14306023.1432401     
   299999.620000000        262907.600000000        37092.0200000000     
  2.496200934246878E-003  1.652879019663767E-004   104.526148000641     
  7.880462815669905E-004   5294.08516814352        14956206.8433181     
   299998.570000000        272006.100000000        27992.4700000000     
  2.436058305782918E-003  1.669700797638827E-004   105.808583087225     
  5.298316906283707E-004   5337.04720111047        15431583.4726400     
   299999.040000000        279666.900000000        20332.1400000000     
  2.394652013040004E-003  1.681117807556874E-004   106.719442316277     
  3.562247890262441E-004   5365.93169880032        15766048.5547633     
   299998.690000000        285581.600000000        14417.0900000000     
  2.366664868018559E-003  1.688753372003940E-004   107.348598977758     
  2.395026619987484E-004   5385.30215283822        15997116.8039715     
   299999.260000000        289919.300000000        10079.9600000000     
  2.347838103970109E-003  1.693851098513882E-004   107.778142897396     
  1.610262027560939E-004   5398.27989804617        16154985.2696527     
   299997.835000000        293000.300000000        6997.53500000000     
  2.335201516065376E-003  1.697254728584295E-004   108.069363085473     
  1.082636733874054E-004   5406.99271693233        16262353.5303100     
   299998.582000000        295149.500000000        4849.08200000000     
  2.326708305545671E-003  1.699534070005751E-004   108.266427589911     
  7.278953843983146E-005   5412.84601381611        16335107.6610772     
   300000.081000000        296630.100000000        3369.98100000000     
  2.320998592235929E-003  1.701062605497113E-004   108.399515322510     
  4.893900918477489E-005   5416.77251175778        16384193.6384004     
   300000.289000000        297640.500000000        2359.78900000000     
  2.317166728831236E-003  1.702086700347137E-004   108.489107950429     
  3.290344562312664E-005   5419.40656747913        16417249.1151285     
   299999.468000000        298326.000000000        1673.46800000000     
  2.314595429297269E-003  1.702773118232620E-004   108.549352086935     
  2.212216291070446E-005   5421.18035779178        16439566.1780355     
   299999.911000000        298791.100000000        1208.81100000000     
  2.312863578787294E-003  1.703235086900521E-004   108.589985001192     
  1.487352107293512E-005   5422.36066791622        16454441.8818403     
   299997.228800000        299102.300000000        894.928800000000     
  2.311711035846219E-003  1.703542367218647E-004   108.617051423055     
  1.000000000000000E-005   5423.17186206269        16464677.3770224     
   299999.758300000        299316.500000000        683.258300000000     
  2.310918861168510E-003  1.703753495731619E-004   108.635666664693     
   1.10000000000000     
