   1.00000000000000        4182.95780178339        8991170.90216710     
   299998.200000000        152788.200000000        147210.000000000     
  3.426143892334161E-003  1.380188889282881E-004   89.2198994991080     
  0.672335753649934        4187.63218162746        9002075.67526928     
   300001.900000000        153047.700000000        146954.200000000     
  3.421840956136615E-003  1.381388637316650E-004   89.2759785482486     
  0.452035365636024        4194.43766710525        9018031.16073696     
   299999.600000000        153427.600000000        146572.000000000     
  3.415588733423055E-003  1.383134680671201E-004   89.3576509222685     
  0.303919538231320        4204.45067406972        9041681.63100608     
   299997.700000000        153991.500000000        146006.200000000     
  3.406416066507167E-003  1.385702244998478E-004   89.4778795582334     
  0.204335971785694        4219.14830025112        9076788.45702184     
   300002.200000000        154829.900000000        145172.300000000     
  3.393006910619603E-003  1.389468192892688E-004   89.6545135422196     
  0.137382379588326        4240.31080438547        9128198.44048813     
   300001.000000000        156060.500000000        143940.500000000     
  3.373809166600186E-003  1.394885212843908E-004   89.9092292390597     
  9.236708571873861E-002   4270.49545262210        9203413.33245675     
   300001.100000000        157866.800000000        142134.300000000     
  3.346635343300513E-003  1.402602209658074E-004   90.2735115768615     
  6.210169418915616E-002   4312.58033214672        9312349.95834097     
   299998.300000000        160494.500000000        139503.800000000     
  3.309116176371882E-003  1.413347388401334E-004   90.7838357644894     
  4.175318936560400E-002   4369.55906348627        9468355.21205055     
   299999.600000000        164281.300000000        135718.300000000     
  3.258900086824913E-003  1.427879443148686E-004   91.4806026535241     
  2.807216203941176E-002   4443.32610139008        9687189.57879592     
   299999.900000000        169644.400000000        130355.500000000     
  3.194659487438804E-003  1.446689031860154E-004   92.3958061911354     
  1.887391822135097E-002   4533.49163067158        9985355.66733795     
   299997.700000000        177062.900000000        122934.800000000     
  3.116907852732376E-003  1.469715646137565E-004   93.5411219587516     
  1.268961003167922E-002   4636.27227744319        10374937.7019786     
   299999.500000000        186980.300000000        113019.200000000     
  3.028681665094012E-003  1.496074655046300E-004   94.8937820255282     
  8.531678524172805E-003   4744.41117163028        10854169.1004283     
   299998.500000000        199558.800000000        100439.700000000     
  2.935563114229101E-003  1.524006734229104E-004   96.3870918776579     
  5.736152510448676E-003   4849.21213855102        11400151.2381860     
   299997.500000000        214366.200000000        85631.3000000000     
  2.844334912095049E-003  1.551327275607211E-004   97.9206400399881     
  3.856620421163472E-003   4942.99782995479        11968773.8051375     
   299999.070000000        230248.900000000        69750.1700000000     
  2.761394938435234E-003  1.576008355113393E-004   99.3803150866307     
  2.592943797404667E-003   5020.16375862007        12501301.3057573     
   299997.310000000        245663.700000000        54333.6100000000     
  2.691994957201056E-003  1.596474712923757E-004   100.653187089164     
  1.743328822199987E-003   5079.46901207736        12954400.5832610     
   299997.640000000        259089.000000000        40908.6400000000     
  2.637865612801805E-003  1.612286607907538E-004   101.680655129555     
  1.172102297533479E-003   5131.25674075808        13383599.5793043     
   299997.690000000        269456.900000000        30540.7900000000     
  2.590009625754428E-003  1.626136820061811E-004   102.615743355703     
  7.880462815669905E-004   5180.21079477311        13819726.2041812     
   299998.410000000        277309.100000000        22689.3100000000     
  2.544266395526324E-003  1.639248655316697E-004   103.534099178194     
  5.298316906283707E-004   5218.86139110256        14185879.5623282     
   299997.730000000        283498.300000000        16499.4300000000     
  2.507811606123820E-003  1.649601014684132E-004   104.283898611476     
  3.562247890262441E-004   5246.57743482513        14460690.2250811     
   299998.640000000        288242.400000000        11756.2400000000     
  2.481493149010384E-003  1.657017614662093E-004   104.835454332789     
  2.395026619987484E-004   5265.80525372533        14657478.4039578     
   299999.266000000        291734.800000000        8264.46600000000     
  2.463151815303478E-003  1.662156450370869E-004   105.225049395848     
  1.610262027560939E-004   5278.95488607190        14794995.4840561     
   299997.465000000        294227.900000000        5769.56500000000     
  2.450570785421146E-003  1.665666753063129E-004   105.494813083702     
  1.082636733874054E-004   5287.91002597111        14890024.4742029     
   299999.485000000        295976.700000000        4022.78500000000     
  2.441985923793303E-003  1.668055078894071E-004   105.680085942327     
  7.278953843983146E-005   5293.96453540259        14954908.8306874     
   299999.357000000        297183.300000000        2816.05700000000     
  2.436174163268562E-003  1.669668657939673E-004   105.806067070258     
  4.893900918477489E-005   5298.05863955122        14999075.9232870     
   299999.801000000        298009.900000000        1989.90100000000     
  2.432240797078771E-003  1.670759208253247E-004   105.891586469943     
  3.290344562312664E-005   5300.81448812187        15028938.8474808     
   299999.853000000        298572.200000000        1427.65300000000     
  2.429591615281451E-003  1.671493018451826E-004   105.949302085789     
  2.212216291070446E-005   5302.65970399592        15048993.8394203     
   299997.127000000        298950.600000000        1046.52700000000     
  2.427817137440829E-003  1.671984227085293E-004   105.988014041098     
  1.487352107293512E-005   5303.91997491664        15062718.8997686     
   299999.304900000        299210.400000000        788.904900000000     
  2.426604867587865E-003  1.672319661260398E-004   106.014485294043     
  1.000000000000000E-005   5304.76118741247        15071892.6648931     
   299999.149900000        299384.100000000        615.049900000000     
  2.425795554505671E-003  1.672543532037748E-004   106.032168584796     
   1.10000000000000     
