   1.00000000000000        4182.78241236820        8990762.58850447     
   299998.100000000        152822.500000000        147175.600000000     
  3.426305482032589E-003  1.380143865404603E-004   89.2177956008849     
  0.672335753649934        4187.42166336382        9001583.61784734     
   300000.400000000        153078.900000000        146921.500000000     
  3.422034594753663E-003  1.381334613062291E-004   89.2734526338170     
  0.452035365636024        4194.19974317470        9017471.74369267     
   299998.400000000        153455.500000000        146542.900000000     
  3.415807068247847E-003  1.383073651315896E-004   89.3547950507327     
  0.303919538231320        4204.22767773971        9041152.60682460     
   300001.600000000        154016.700000000        145984.900000000     
  3.406620012410353E-003  1.385645081358967E-004   89.4752011066669     
  0.204335971785694        4218.78395295352        9075912.38965248     
   299999.300000000        154840.200000000        145159.100000000     
  3.393338546445849E-003  1.389374875850746E-004   89.6501323998632     
  0.137382379588326        4239.84428311100        9127053.73888620     
   299997.000000000        156051.300000000        143945.700000000     
  3.374231033122167E-003  1.394765859636333E-004   89.9036085640406     
  9.236708571873861E-002   4269.90888288539        9201929.43888435     
   299997.300000000        157822.900000000        142174.400000000     
  3.347161198829649E-003  1.402452339690607E-004   90.2664200845094     
  6.210169418915616E-002   4311.88624738110        9310512.20516134     
   299998.400000000        160387.300000000        139611.100000000     
  3.309731776683457E-003  1.413170277707019E-004   90.7753925999583     
  4.175318936560400E-002   4368.73589901323        9466025.49834422     
   299999.700000000        164048.700000000        135951.000000000     
  3.259621406753623E-003  1.427669566753100E-004   91.4704802322506     
  2.807216203941176E-002   4442.54536115764        9684763.11359040     
   299999.400000000        169176.600000000        130822.800000000     
  3.195335795340143E-003  1.446489881190719E-004   92.3860276533400     
  1.887391822135097E-002   4533.32327798818        9984763.59866867     
   299999.500000000        176178.700000000        123820.800000000     
  3.117052538487013E-003  1.469672585079108E-004   93.5389509571286     
  1.268961003167922E-002   4637.89738572560        10381579.7869161     
   299998.700000000        185419.600000000        114579.100000000     
  3.027286410150708E-003  1.496492736924353E-004   94.9156474973076     
  8.531678524172805E-003   4749.99687152203        10881115.9478330     
   300000.600000000        197075.500000000        102925.100000000     
  2.930731046290158E-003  1.525456252480205E-004   96.4665189047535     
  5.736152510448676E-003   4861.60236129027        11470683.8168413     
   300001.190000000        210898.300000000        89102.8900000000     
  2.833456689245762E-003  1.554575236315938E-004   98.1084293296285     
  3.856620421163472E-003   4965.41332959650        12117130.3346783     
   299998.360000000        226062.600000000        73935.7600000000     
  2.741350465688237E-003  1.581939499539403E-004   99.7429839840487     
  2.592943797404667E-003   5056.06921592034        12770862.9769542     
   299999.000000000        241196.400000000        58802.6000000000     
  2.659308205467601E-003  1.606040424207156E-004   101.269886984248     
  1.743328822199987E-003   5138.95282329953        13450166.4385452     
   299997.640000000        253766.000000000        46231.6400000000     
  2.582850712363742E-003  1.628197360143771E-004   102.757856062317     
  1.172102297533479E-003   5216.38040957922        14161783.5806126     
   299998.650000000        263903.100000000        36095.5500000000     
  2.510160391943999E-003  1.648936739457239E-004   104.235097177349     
  7.880462815669905E-004   5274.09750014772        14743918.1356754     
   299997.220000000        272970.600000000        27026.6200000000     
  2.455221622001831E-003  1.664370504510014E-004   105.394847836746     
  5.298316906283707E-004   5314.28978197915        15176505.2469067     
   299998.030000000        280433.400000000        19564.6300000000     
  2.416620530431392E-003  1.675077818281561E-004   106.233261374039     
  3.562247890262441E-004   5341.71251034552        15484790.5919530     
   299999.170000000        286144.800000000        13854.3700000000     
  2.390139201772851E-003  1.682353557110121E-004   106.820143455056     
  2.395026619987484E-004   5360.27027822722        15699543.0032862     
   299999.273000000        290316.900000000        9682.37300000000     
  2.372158944061579E-003  1.687259809815720E-004   107.224213226412     
  1.610262027560939E-004   5372.78892475052        15847223.9625156     
   299999.646000000        293277.800000000        6721.84600000000     
  2.360005096244793E-003  1.690560258245063E-004   107.499958033216     
  1.082636733874054E-004   5381.20679434801        15947808.5760097     
   299996.988000000        295337.400000000        4659.58800000000     
  2.351822086239689E-003  1.692775006670150E-004   107.686815866378     
  7.278953843983146E-005   5386.88762137624        16016271.5267035     
   299998.603000000        296758.300000000        3240.30300000000     
  2.346295261736597E-003  1.694267440895462E-004   107.813572790566     
  4.893900918477489E-005   5390.70669419106        16062561.9037164     
   299999.098000000        297728.000000000        2271.09800000000     
  2.342577764508315E-003  1.695269732731300E-004   107.899085279020     
  3.290344562312664E-005   5393.27695269853        16093835.4325549     
   299999.973000000        298387.300000000        1612.67300000000     
  2.340075006048587E-003  1.695943801676108E-004   107.956770227599     
  2.212216291070446E-005   5395.00128546226        16114870.2557326     
   299999.601000000        298832.700000000        1166.90100000000     
  2.338395576994739E-003  1.696395800701721E-004   107.995530539902     
  1.487352107293512E-005   5396.15775007352        16129002.0899989     
   299998.492900000        299132.700000000        865.792900000000     
  2.337269059168575E-003  1.696698844599534E-004   108.021553367094     
  1.000000000000000E-005   5396.94095144911        16138583.7978232     
   299999.323200000        299336.600000000        662.723200000000     
  2.336506062553171E-003  1.696904031423041E-004   108.039189457774     
   1.10000000000000     
