   1.00000000000000        6283.20475160216        30729469.0295612     
   2002993.60000000        1006389.00000000        996604.600000000     
  1.566405838601395E-003  1.871282661338812E-004   453.496978529341     
  0.672335753649934        6290.13894595154        30840392.5556910     
   2002994.30000000        1011460.00000000        991534.300000000     
  1.562120027951485E-003  1.872185950032751E-004   454.118653921970     
  0.452035365636024        6300.41259001925        31003523.8009081     
   2002996.70000000        1018128.00000000        984868.700000000     
  1.555834958356797E-003  1.873520723457498E-004   455.034971902452     
  0.303919538231320        6315.67199070354        31243090.9984882     
   2002993.00000000        1026621.00000000        976372.000000000     
  1.546641900979988E-003  1.875496678253083E-004   456.385299830386     
  0.204335971785694        6338.48683848190        31595003.6587298     
   2002979.80000000        1037061.00000000        965918.800000000     
  1.533211686739776E-003  1.878440257316256E-004   458.379793398599     
  0.137382379588326        6373.04670251354        32113205.9438094     
   2002993.90000000        1049296.00000000        953697.900000000     
  1.513576532995986E-003  1.882887712023464E-004   461.343407910400     
  9.236708571873861E-002   6426.41909108074        32876685.1640376     
   2002986.80000000        1062274.00000000        940712.800000000     
  1.484889181619618E-003  1.889773126171264E-004   465.778534818934     
  6.210169418915616E-002   6512.39687266644        34008699.8381929     
   2002986.70000000        1072515.00000000        930471.700000000     
  1.442644050506488E-003  1.901063121762762E-004   472.549017441441     
  4.175318936560400E-002   6664.45147309686        35713852.0366999     
   2002988.50000000        1071261.00000000        931727.500000000     
  1.378624733097000E-003  1.922200351588243E-004   483.396354603827     
  2.807216203941176E-002   6995.67269309078        38303988.8375074     
   2002986.50000000        1053130.00000000        949856.500000000     
  1.274490615964718E-003  1.975210977831176E-004   502.756846319134     
  1.887391822135097E-002   7887.94799531767        41576150.4808554     
   2002998.90000000        1070133.00000000        932865.900000000     
  1.104332028810568E-003  2.148813635841355E-004   540.102765335901     
  1.268961003167922E-002   9438.32225342248        44898218.5828445     
   2002999.50000000        1167956.00000000        835043.500000000     
  9.193840601477410E-004  2.470894524063204E-004   591.940066638320     
  8.531678524172805E-003   11121.7838560522        48307548.1889469     
   2003019.70000000        1308554.00000000        694465.700000000     
  7.800051848931276E-004  2.817927019541836E-004   642.654386777888     
  5.736152510448676E-003   12613.4696952769        51299484.3612040     
   2002990.10000000        1461585.00000000        541405.100000000     
  6.877396492664248E-004  3.122183933683884E-004   684.406601145729     
  3.856620421163472E-003   13774.1920802419        53591036.7261964     
   2002989.00000000        1601147.00000000        401842.000000000     
  6.297815020590951E-004  3.357490224384508E-004   715.206200426395     
  2.592943797404667E-003   14610.6313146109        55217839.0827894     
   2002984.10000000        1714234.00000000        288750.100000000     
  5.937262848452090E-004  3.526528231650840E-004   736.602321201751     
  1.743328822199987E-003   15190.4288314374        56332802.1708153     
   2002984.90000000        1799503.00000000        203481.900000000     
  5.710641715171314E-004  3.643519858301928E-004   751.075791892481     
  1.172102297533479E-003   15585.2413432836        57086066.2547093     
   2002991.20000000        1861088.00000000        141903.200000000     
  5.565975204083756E-004  3.723123319491281E-004   760.773869654578     
  7.880462815669905E-004   15851.9442279484        57592196.6848399     
   2002989.65000000        1904413.00000000        98576.6500000000     
  5.472328795828808E-004  3.776875165934556E-004   767.255710376586     
  5.298316906283707E-004   16031.5946056253        57931904.2148944     
   2002991.17000000        1934412.00000000        68579.1700000000     
  5.411005187095296E-004  3.813074345875657E-004   771.591164605771     
  3.562247890262441E-004   16152.5426204559        58160060.5129107     
   2003005.24000000        1954985.00000000        48020.2400000000     
  5.370487973574359E-004  3.837442100028155E-004   774.496299178952     
  2.395026619987484E-004   16233.7820280683        58313064.1543063     
   2003004.78000000        1968983.00000000        34021.7800000000     
  5.343611991110097E-004  3.853808448780365E-004   776.441541612678     
  1.610262027560939E-004   16288.4199631449        58415856.6146350     
   2003011.82000000        1978481.00000000        24530.8200000000     
  5.325687218021234E-004  3.864815222232722E-004   777.747086503957     
  1.082636733874054E-004   16324.9622380311        58484555.4238827     
   2002985.90000000        1984872.00000000        18113.9000000000     
  5.313765951501770E-004  3.872176433292128E-004   778.619023281304     
  7.278953843983146E-005   16349.7893609138        58531207.3367667     
   2003006.46000000        1989223.00000000        13783.4600000000     
  5.305696947256659E-004  3.877177611935824E-004   779.210867611666     
  4.893900918477489E-005   16366.3900864849        58562391.0726877     
   2003005.64000000        1992141.00000000        10864.6400000000     
  5.300315242536112E-004  3.880521625399677E-004   779.606355302814     
  3.290344562312664E-005   16377.4440501441        58583150.9314604     
   2002993.91900000        1994095.00000000        8898.91900000000     
  5.296737765641854E-004  3.882748294615997E-004   779.869588359678     
  2.212216291070446E-005   16385.0095861386        58597357.2755283     
   2003002.81100000        1995427.00000000        7575.81100000000     
  5.294292057176820E-004  3.884272260364891E-004   780.049698694534     
  1.487352107293512E-005   16389.9465731023        58606626.8932747     
   2002985.55400000        1996300.00000000        6685.55400000000     
  5.292697296422528E-004  3.885266740346866E-004   780.167209566809     
  1.000000000000000E-005   16393.3250768061        58612969.9091220     
   2002988.71800000        1996902.00000000        6086.71800000000     
  5.291606515335622E-004  3.885947286392012E-004   780.247614996067     
