   1.00000000000000        3464.38097466145        7660455.99800699     
   299998.500000000        142176.800000000        157821.700000000     
  1.258012569185641E-003  1.193989046209741E-004   380.168752108582     
  0.672335753649934        3480.36787951775        7696732.18517802     
   299999.900000000        143017.100000000        156982.800000000     
  1.251328826176419E-003  1.198577275510148E-004   381.182699167638     
  0.452035365636024        3504.51826308057        7750164.68782320     
   299999.000000000        144289.500000000        155709.500000000     
  1.241440363314924E-003  1.205444401439945E-004   382.697805963031     
  0.303919538231320        3541.18311337310        7828610.32727035     
   299998.200000000        146229.100000000        153769.100000000     
  1.226869764955974E-003  1.215736731852057E-004   384.963601017778     
  0.204335971785694        3596.79874393066        7942932.36968486     
   299999.100000000        149193.200000000        150805.900000000     
  1.205671244047562E-003  1.231085221269844E-004   388.333131540308     
  0.137382379588326        3679.81050355665        8107433.09889897     
   299998.800000000        153681.600000000        146317.200000000     
  1.175735692270752E-003  1.253523455837550E-004   393.245753729532     
  9.236708571873861E-002   3798.08981486224        8339972.78329117     
   299999.400000000        160261.900000000        139737.500000000     
  1.135863739828625E-003  1.284794401312117E-004   400.088228635566     
  6.210169418915616E-002   3951.53768439482        8660267.55138262     
   299997.100000000        169290.500000000        130706.600000000     
  1.087694044665701E-003  1.324593613239043E-004   408.851428549592     
  4.175318936560400E-002   4126.19690725722        9085842.47104250     
   299998.300000000        180662.600000000        119335.700000000     
  1.036077910188565E-003  1.369371213856836E-004   418.911900374602     
  2.807216203941176E-002   4300.58772909106        9622640.57891045     
   299999.000000000        193897.400000000        106101.600000000     
  9.863253948403890E-004  1.414006303679726E-004   429.347378780880     
  1.887391822135097E-002   4459.34515841673        10259178.8378049     
   300000.530000000        208280.300000000        91720.2300000000     
  9.413041203569016E-004  1.454940775666596E-004   439.495030472805     
  1.268961003167922E-002   4598.94616544139        10980980.3146872     
   299999.620000000        222575.500000000        77424.1200000000     
  9.010707910327406E-004  1.491396201388444E-004   449.199767621782     
  8.531678524172805E-003   4731.75555808865        11850879.3962221     
   299999.520000000        234687.000000000        65312.5200000000     
  8.616550153194211E-004  1.526574930347750E-004   459.359079974483     
  5.736152510448676E-003   4887.41261888414        13155307.6303912     
   299998.340000000        242586.300000000        57412.0400000000     
  8.135537964544096E-004  1.568334389842741E-004   472.743895670824     
  3.856620421163472E-003   5070.07348176261        15163177.5002993     
   299999.420000000        248149.700000000        51849.7200000000     
  7.543368008436405E-004  1.617358856033008E-004   490.949125888725     
  2.592943797404667E-003   5249.86448843844        17712355.6436198     
   299999.600000000        254788.200000000        45211.4000000000     
  6.940012750166931E-004  1.663848684486137E-004   511.845719573459     
  1.743328822199987E-003   5407.53466090777        20410545.5039299     
   299998.900000000        262933.200000000        37065.7000000000     
  6.411700370231889E-004  1.701000033861121E-004   532.515986706740     
  1.172102297533479E-003   5536.21449713590        22866118.5892980     
   299998.890000000        271357.700000000        28641.1900000000     
  5.997180483534195E-004  1.727481873763946E-004   550.612063353008     
  7.880462815669905E-004   5635.81186494870        24853728.6865264     
   299999.420000000        278860.500000000        21138.9200000000     
  5.695683408120686E-004  1.745272019485365E-004   564.997286639988     
  5.298316906283707E-004   5709.88645141169        26339529.6877667     
   299999.440000000        284884.600000000        15114.8400000000     
  5.485988696065569E-004  1.757044989682354E-004   575.694154496125     
  3.562247890262441E-004   5763.38870649269        27398334.6294411     
   300000.190000000        289412.800000000        10587.3900000000     
  5.343360861077369E-004  1.764880656816844E-004   583.326907725514     
  2.395026619987484E-004   5801.18803433120        28132423.2554848     
   299998.207000000        292676.800000000        7321.40700000000     
  5.247349404943124E-004  1.770136148904822E-004   588.639308729432     
  1.610262027560939E-004   5827.50930742070        28634568.2769199     
   300000.018000000        294975.400000000        5024.61800000000     
  5.182885477934616E-004  1.773681885578789E-004   592.288687243550     
  1.082636733874054E-004   5845.62047241514        28975089.9084560     
   299999.683000000        296564.900000000        3434.78300000000     
  5.139684376680506E-004  1.776075612751072E-004   594.772681620348     
  7.278953843983146E-005   5857.99273963505        29205159.7794427     
   299999.355000000        297654.000000000        2345.35500000000     
  5.110716697479290E-004  1.777692018351326E-004   596.455887632291     
  4.893900918477489E-005   5866.38082706857        29359900.8337603     
   299996.940000000        298393.300000000        1603.64000000000     
  5.091329127818294E-004  1.778780089546907E-004   597.590443999523     
  3.290344562312664E-005   5872.08643933543        29464564.4410340     
   299997.720000000        298896.900000000        1100.82000000000     
  5.078257964265495E-004  1.779516869986380E-004   598.359029712833     
  2.212216291070446E-005   5875.93344373436        29534857.5517857     
   299997.474300000        299236.600000000        760.874300000000     
  5.069497916686233E-004  1.780012207522453E-004   598.875784148785     
  1.487352107293512E-005   5878.54462337501        29582440.9526315     
   299998.875400000        299467.400000000        531.475400000000     
  5.063576375005654E-004  1.780347788840048E-004   599.225854707353     
  1.000000000000000E-005   5880.29756838613        29614325.9574096     
   299999.057000000        299622.200000000        376.857000000000     
  5.059612174658849E-004  1.780572793625999E-004   599.460554215792     
   1.10000000000000     
