   1.00000000000000        2783.45067013892        4697878.57066622     
   300002.500000000        188019.600000000        111982.900000000     
  1.736875789279198E-003  9.423753489035858E-005   1023.13896521402     
  0.672335753649934        2787.78910317077        4721973.43945259     
   299998.800000000        188426.300000000        111572.500000000     
  1.732514677486307E-003  9.442008008718667E-005   1024.42588803054     
  0.452035365636024        2794.18040779167        4757632.90690077     
   299998.900000000        189026.000000000        110972.900000000     
  1.726104982583745E-003  9.468962276225195E-005   1026.32617278115     
  0.303919538231320        2803.52695539504        4810111.72524869     
   299997.600000000        189904.200000000        110093.400000000     
  1.716765465370552E-003  9.508503571983393E-005   1029.11409062678     
  0.204335971785694        2817.11290583309        4887032.17877303     
   299998.000000000        191183.200000000        108814.800000000     
  1.703266975676056E-003  9.566212624842100E-005   1033.18394235604     
  0.137382379588326        2836.67633774052        4998923.95152328     
   299997.100000000        193029.900000000        106967.200000000     
  1.684006884326918E-003  9.649703804817462E-005   1039.07544520850     
  9.236708571873861E-002   2864.56388931657        5160096.21451845     
   299999.200000000        195671.800000000        104327.400000000     
  1.656963406801899E-003  9.769235375838302E-005   1047.52056314776     
  6.210169418915616E-002   2903.84494072933        5388519.24319413     
   299998.700000000        199409.400000000        100589.300000000     
  1.619833088469323E-003  9.937795943818997E-005   1059.45833978376     
  4.175318936560400E-002   2958.63058930654        5704243.53117068     
   299997.270000000        204646.700000000        95350.5700000000     
  1.570292590992204E-003  1.017097658484527E-004   1076.04076245953     
  2.807216203941176E-002   3034.57120922630        6121727.28077982     
   299998.600000000        211931.100000000        88067.5000000000     
  1.506748190420537E-003  1.048495664305218E-004   1098.49646403639     
  1.887391822135097E-002   3138.97148754029        6628033.19856003     
   299997.840000000        221939.300000000        78058.5400000000     
  1.430152315521481E-003  1.088905948380734E-004   1127.52928273870     
  1.268961003167922E-002   3275.92738045655        7149613.27786678     
   299999.640000000        234993.400000000        65006.2400000000     
  1.347500180675618E-003  1.136464799568193E-004   1161.59443878407     
  8.531678524172805E-003   3430.26806420268        7580260.18560481     
   300001.730000000        249630.000000000        50371.7300000000     
  1.272671945744724E-003  1.184074360027543E-004   1195.25529489242     
  5.736152510448676E-003   3571.19310420284        7890878.28123160     
   300001.780000000        263016.900000000        36984.8800000000     
  1.215304862704211E-003  1.224054802610722E-004   1223.14031291490     
  3.856620421163472E-003   3682.72662070523        8113145.35465732     
   299997.780000000        273661.000000000        26336.7800000000     
  1.174716465945168E-003  1.254303199528025E-004   1244.09162015442     
  2.592943797404667E-003   3765.56306242261        8275504.65269733     
   300001.000000000        281573.400000000        18427.6000000000     
  1.146549927432420E-003  1.276260062306538E-004   1259.28029053024     
  1.743328822199987E-003   3825.33229217537        8394609.65172814     
   300000.630000000        287252.000000000        12748.6300000000     
  1.127056273670643E-003  1.291911081823722E-004   1270.12390937717     
  1.172102297533479E-003   3867.81715948912        8481399.63891102     
   299999.197000000        291249.000000000        8750.19700000000     
  1.113557922571506E-003  1.302960375527171E-004   1277.79883083501     
  7.880462815669905E-004   3897.69242238500        8543876.79384265     
   299999.480000000        294028.100000000        5971.38000000000     
  1.104223948594311E-003  1.310699116925561E-004   1283.18806683317     
  5.298316906283707E-004   3918.48548371618        8588198.11508923     
   300000.299000000        295942.200000000        4058.09900000000     
  1.097798172808197E-003  1.316072122321410E-004   1286.93805118975     
  3.562247890262441E-004   3932.82645647923        8619211.48277813     
   300000.783000000        297251.000000000        2749.78300000000     
  1.093398064559484E-003  1.319772239261244E-004   1289.52493347766     
  2.395026619987484E-004   3942.62106049522        8640616.28557603     
   299998.435000000        298138.800000000        1859.63500000000     
  1.090407133769536E-003  1.322296895547936E-004   1291.29227374095     
  1.610262027560939E-004   3949.31772059349        8655359.93688593     
   299999.315000000        298743.100000000        1256.21500000000     
  1.088368666672014E-003  1.324021942440430E-004   1292.50097586389     
  1.082636733874054E-004   3953.83523170730        8665357.35118014     
   299997.301200000        299149.100000000        848.201200000000     
  1.086996434941881E-003  1.325185166498159E-004   1293.31655009390     
  7.278953843983146E-005   3956.91404786317        8672195.10764362     
   299998.220000000        299425.400000000        572.820000000000     
  1.086062538874263E-003  1.325977722865626E-004   1293.87248699164     
  4.893900918477489E-005   3959.01183873348        8676865.49587897     
   300000.584400000        299613.400000000        387.184400000000     
  1.085426823696301E-003  1.326517643359416E-004   1294.25133082303     
  3.290344562312664E-005   3960.39499208408        8679949.95685009     
   299999.149300000        299737.000000000        262.149300000000     
  1.085007939750522E-003  1.326873590606588E-004   1294.50113966109     
  2.212216291070446E-005   3961.36055135879        8682105.58882804     
   300001.484100000        299823.500000000        177.984100000000     
  1.084715648259925E-003  1.327122052188921E-004   1294.67553856134     
  1.487352107293512E-005   3961.95823343803        8683440.92562828     
   299997.948900000        299876.600000000        121.348900000000     
  1.084534771028429E-003  1.327275841934829E-004   1294.78349624326     
  1.000000000000000E-005   3962.39098453771        8684408.25273187     
   299998.551280000        299915.300000000        83.2512800000000     
  1.084403831567811E-003  1.327387189344158E-004   1294.86166511505     
   1.10000000000000     
