   1.00000000000000        3127.10531710337        6575188.55814549     
   300000.600000000        147918.000000000        152082.600000000     
  1.438227485085296E-003  1.084496101422957E-004   502.828847650207     
  0.672335753649934        3134.69359739939        6609126.99800865     
   299999.400000000        148393.900000000        151605.500000000     
  1.433045333812297E-003  1.087321690110558E-004   503.737184849026     
  0.452035365636024        3146.15032436215        6659392.44289419     
   299999.400000000        149112.300000000        150887.100000000     
  1.425343145262239E-003  1.091550504960730E-004   505.096380678723     
  0.303919538231320        3163.57104980176        6733575.47490995     
   299999.500000000        150204.200000000        149795.300000000     
  1.413907667871377E-003  1.097895174779772E-004   507.134834279790     
  0.204335971785694        3190.37942305500        6842471.83494391     
   299997.800000000        151883.600000000        148114.200000000     
  1.396942047962850E-003  1.107459868636492E-004   510.205064316539     
  0.137382379588326        3232.47807938314        7000983.39433102     
   299998.200000000        154519.000000000        145479.200000000     
  1.371764007633530E-003  1.122009974946134E-004   514.866039727430     
  9.236708571873861E-002   3300.49399359084        7227514.76429330     
   300000.100000000        158774.300000000        141225.800000000     
  1.334484035756189E-003  1.144406144321567E-004   522.008098864387     
  6.210169418915616E-002   3413.45285799664        7539149.79364811     
   300000.800000000        165851.800000000        134149.000000000     
  1.280112100905050E-003  1.179119274993432E-004   532.978770156708     
  4.175318936560400E-002   3594.75996629821        7938818.40784073     
   299999.100000000        177348.400000000        122650.700000000     
  1.206430812033846E-003  1.230527544612137E-004   549.013070712199     
  2.807216203941176E-002   3834.53554782427        8413231.60728183     
   299999.000000000        193219.600000000        106779.400000000     
  1.124108499164674E-003  1.294309456041176E-004   568.760954095081     
  1.887391822135097E-002   4074.92451697409        8951648.76472551     
   299999.100000000        210769.900000000        89229.2000000000     
  1.050973353841851E-003  1.356254807647881E-004   588.217642980456     
  1.268961003167922E-002   4274.84094312699        9534166.01437137     
   299997.410000000        227592.700000000        72404.7100000000     
  9.936188115534444E-004  1.407403736303501E-004   604.956316024345     
  8.531678524172805E-003   4433.64159908370        10144244.1645067     
   300000.110000000        242338.800000000        57661.3100000000     
  9.486229176408771E-004  1.448280952749571E-004   619.137537389868     
  5.736152510448676E-003   4572.94783229255        10832952.6807396     
   299999.020000000        254083.600000000        45915.4200000000     
  9.086411136159467E-004  1.484567649464924E-004   632.612513994837     
  3.856620421163472E-003   4715.65087552199        11734455.7764579     
   299997.840000000        262749.300000000        37248.5400000000     
  8.665083280071007E-004  1.522283383125080E-004   647.809985252862     
  2.592943797404667E-003   4860.77368491956        12907527.3819863     
   299999.380000000        269535.100000000        30464.2800000000     
  8.219439153364094E-004  1.561161600268869E-004   665.139842920253     
  1.743328822199987E-003   4992.14492092267        14237989.2427915     
   299998.760000000        275576.200000000        24422.5600000000     
  7.799410642345916E-004  1.596527589605397E-004   682.815250094626     
  1.172102297533479E-003   5100.40664402220        15552271.1637321     
   299998.820000000        281092.900000000        18905.9200000000     
  7.442553642893204E-004  1.625392593757800E-004   698.993540310246     
  7.880462815669905E-004   5184.18054148376        16713241.4468017     
   299998.980000000        285877.900000000        14121.0800000000     
  7.161661154479725E-004  1.647230193661269E-004   712.569612790622     
  5.298316906283707E-004   5246.20117580580        17654602.9173033     
   299999.330000000        289762.700000000        10236.6300000000     
  6.952382833423041E-004  1.662936348770825E-004   723.214903382052     
  3.562247890262441E-004   5290.68161721860        18371711.9793486     
   299997.186000000        292741.300000000        7255.88600000000     
  6.802278253873124E-004  1.673881056717605E-004   731.150911533578     
  2.395026619987484E-004   5322.00092188598        18896921.8989497     
   300002.842000000        294939.700000000        5063.14200000000     
  6.696865374972849E-004  1.681398516605768E-004   736.882849364701     
  1.610262027560939E-004   5343.59842599626        19268493.8199719     
   299998.809000000        296502.900000000        3495.90900000000     
  6.624411911465462E-004  1.686482068121147E-004   740.901672265953     
  1.082636733874054E-004   5358.44025205040        19528131.2827392     
   299999.195000000        297600.800000000        2398.39500000000     
  6.574770523662197E-004  1.689924976447032E-004   743.693429407220     
  7.278953843983146E-005   5368.56835099707        19707260.5466613     
   300001.105000000        298361.100000000        1640.00500000000     
  6.540976494332702E-004  1.692249884891135E-004   745.612109710579     
  4.893900918477489E-005   5375.38612342580        19828715.1880507     
   299997.672000000        298877.100000000        1120.57200000000     
  6.518268823522291E-004  1.693803419529381E-004   746.909727063432     
  3.290344562312664E-005   5380.03157426955        19911867.4056431     
   299998.450200000        299231.400000000        767.050200000000     
  6.502816458798077E-004  1.694856578551115E-004   747.796627545109     
  2.212216291070446E-005   5383.16616476741        19968155.1364702     
   299998.983000000        299471.600000000        527.383000000000     
  6.492399282462048E-004  1.695564725453742E-004   748.396315419920     
  1.487352107293512E-005   5385.28024224571        20006198.5865520     
   299999.346000000        299634.000000000        365.346000000000     
  6.485378032612193E-004  1.696041184491551E-004   748.801324107232     
  1.000000000000000E-005   5386.67550221216        20031342.2739796     
   299996.986000000        299741.000000000        255.986000000000     
  6.480746112384831E-004  1.696355135118310E-004   749.068868679293     
   1.10000000000000     
