   1.00000000000000        2907.96813605734        5412478.56752571     
   300001.000000000        168246.700000000        131754.300000000     
  1.616008575252871E-003  9.955455328378687E-005   750.036137541961     
  0.672335753649934        2912.91811995425        5441218.26298817     
   299999.300000000        168640.700000000        131358.600000000     
  1.611436725834280E-003  9.976639363175341E-005   751.099357448133     
  0.452035365636024        2920.26001670077        5483783.80927248     
   299998.400000000        169225.400000000        130773.000000000     
  1.604695811273936E-003  1.000802151962548E-004   752.675291511690     
  0.303919538231320        2931.13185133366        5546637.80657230     
   299997.400000000        170092.000000000        129905.400000000     
  1.594804434644883E-003  1.005439158110613E-004   755.005823072301     
  0.204335971785694        2947.22036786690        5639130.21801033     
   299997.500000000        171375.700000000        128621.800000000     
  1.580372830508550E-003  1.012273991441710E-004   758.445257572688     
  0.137382379588326        2971.02730612637        5774429.43550475     
   299999.200000000        173277.800000000        126721.400000000     
  1.559491803397354E-003  1.022312286215402E-004   763.506022227128     
  9.236708571873861E-002   3006.33825884348        5970352.02309266     
   299999.300000000        176103.100000000        123896.200000000     
  1.529626812422151E-003  1.036987403934268E-004   770.923467759482     
  6.210169418915616E-002   3059.19182534405        6249167.16195539     
   299997.600000000        180336.100000000        119661.500000000     
  1.487545554897377E-003  1.058343544258460E-004   781.751749915324     
  4.175318936560400E-002   3139.94180150668        6632298.75470550     
   299997.200000000        186798.800000000        113198.400000000     
  1.429498954989730E-003  1.089264421944357E-004   797.465781979635     
  2.807216203941176E-002   3266.51745725783        7118638.52570622     
   299999.400000000        196892.100000000        103107.300000000     
  1.352616076215394E-003  1.133379995965340E-004   819.816532668613     
  1.887391822135097E-002   3456.38148855561        7642006.47233805     
   300000.130000000        212002.600000000        87997.5300000000     
  1.261400345571829E-003  1.191679714093768E-004   848.940861505248     
  1.268961003167922E-002   3681.65215952617        8111040.87438768     
   299999.880000000        230202.300000000        69797.5800000000     
  1.175091770189931E-003  1.254015957997055E-004   879.565128391538     
  8.531678524172805E-003   3884.12629831746        8515340.80525418     
   300001.480000000        247189.000000000        52812.4800000000     
  1.108447119094205E-003  1.307187922791709E-004   905.620835074656     
  5.736152510448676E-003   4042.63861060216        8871472.89688750     
   299998.870000000        261025.600000000        38973.2700000000     
  1.060449626615795E-003  1.347987150246353E-004   925.888904484380     
  3.856620421163472E-003   4163.71453218999        9190032.23147111     
   299998.560000000        271649.500000000        28349.0600000000     
  1.025277633172955E-003  1.378964470276009E-004   941.636249434128     
  2.592943797404667E-003   4258.63041808178        9480276.28813695     
   299997.670000000        279574.700000000        20422.9700000000     
  9.982158579624769E-004  1.403250133008972E-004   954.314863009305     
  1.743328822199987E-003   4334.62352798308        9745352.74198446     
   299998.840000000        285411.600000000        14587.2400000000     
  9.766918179528971E-004  1.422746876055074E-004   964.773032287274     
  1.172102297533479E-003   4394.77136785714        9979715.44383529     
   299998.220000000        289676.900000000        10321.3200000000     
  9.596588192424279E-004  1.438236009665822E-004   973.297280617279     
  7.880462815669905E-004   4440.92419220269        10176297.1450509     
   299997.711000000        292767.600000000        7230.11100000000     
  9.465512497325683E-004  1.450166407377526E-004   980.013099340256     
  5.298316906283707E-004   4475.20963055611        10332689.4032197     
   300001.598000000        294984.500000000        5017.09800000000     
  9.367762858145996E-004  1.459058744859668E-004   985.112907996127     
  3.562247890262441E-004   4499.89574701256        10451151.9731126     
   300001.021000000        296547.500000000        3453.52100000000     
  9.297118991135105E-004  1.465478508242107E-004   988.848511224151     
  2.395026619987484E-004   4517.32546906793        10537893.9781807     
   300000.813000000        297638.300000000        2362.51300000000     
  9.247085967170663E-004  1.470020323377855E-004   991.520082123523     
  1.610262027560939E-004   4529.42203051723        10599655.5141907     
   299998.775000000        298389.800000000        1608.97500000000     
  9.212279331612606E-004  1.473177015639498E-004   993.391445825650     
  1.082636733874054E-004   4537.79663682895        10643180.7930137     
   300001.880000000        298909.200000000        1092.68000000000     
  9.188140060391427E-004  1.475364680923037E-004   994.695523314636     
  7.278953843983146E-005   4543.46257309092        10672989.9504765     
   299999.493300000        299258.600000000        740.893300000000     
  9.171788007653758E-004  1.476845826780656E-004   995.581834859056     
  4.893900918477489E-005   4547.30573338278        10693377.2079525     
   299997.420200000        299495.200000000        502.220200000000     
  9.160686948442616E-004  1.477850965375561E-004   996.184884763780     
  3.290344562312664E-005   4549.96300621659        10707553.5150239     
   300000.571600000        299659.800000000        340.771600000000     
  9.153006743743694E-004  1.478546179753911E-004   996.602743336173     
  2.212216291070446E-005   4551.71217856028        10716921.0480243     
   299998.852400000        299767.100000000        231.752400000000     
  9.147949104107777E-004  1.479003914520045E-004   996.878202763219     
  1.487352107293512E-005   4552.92289393359        10723421.6523886     
   300000.250900000        299842.000000000        158.250900000000     
  9.144447410134373E-004  1.479320790843102E-004   997.069052993674     
  1.000000000000000E-005   4553.69110403146        10727553.4584689     
   299997.232500000        299888.500000000        108.732500000000     
  9.142225137577896E-004  1.479521872392021E-004   997.190228738280     
   1.10000000000000     
