   1.00000000000000        2363.04826710675        2945968.44835748     
   110500.370000000        100439.600000000        10060.7700000000     
  3.634305350253835E-003  7.908195671644094E-005   234.587321081228     
  0.672335753649934        2363.63614175993        2947334.63944133     
   110499.060000000        100473.500000000        10025.5600000000     
  3.633286775046541E-003  7.909826013437939E-005   234.620201555903     
  0.452035365636024        2364.52288457310        2949398.21746641     
   110499.646000000        100524.800000000        9974.84600000000     
  3.631750780068156E-003  7.912286428369322E-005   234.669810936513     
  0.303919538231320        2365.81334180588        2952407.39960863     
   110499.522000000        100599.500000000        9900.02200000000     
  3.629516359836891E-003  7.915869662927551E-005   234.742034190779     
  0.204335971785694        2367.69118476465        2956799.26570258     
   110499.181000000        100708.100000000        9791.08100000000     
  3.626266733333920E-003  7.921089535571030E-005   234.847191112188     
  0.137382379588326        2370.39793185958        2963156.97927595     
   110498.891000000        100864.800000000        9634.09100000000     
  3.621586497698600E-003  7.928625365867025E-005   234.998890751770     
  9.236708571873861E-002   2374.25482890636        2972272.20608414     
   110499.642000000        101088.100000000        9411.54200000000     
  3.614925213222707E-003  7.939387724494372E-005   235.215309617200     
  6.210169418915616E-002   2379.61722548442        2985056.10421704     
   110499.671000000        101398.800000000        9100.87100000000     
  3.605678442656735E-003  7.954399425930409E-005   235.516721996249     
  4.175318936560400E-002   2386.88132048181        3002582.19986222     
   110499.199000000        101820.200000000        8678.99900000000     
  3.593178872239981E-003  7.974826367817600E-005   235.926012236076     
  2.807216203941176E-002   2396.40007214949        3025919.14391932     
   110499.872000000        102373.000000000        8126.87200000000     
  3.576843853632678E-003  8.001757217560783E-005   236.464122272522     
  1.887391822135097E-002   2408.30272592764        3055708.96019966     
   110499.927000000        103065.400000000        7434.52700000000     
  3.556484695093831E-003  8.035702828031864E-005   237.139978880771     
  1.268961003167922E-002   2422.40111970978        3091897.58859397     
   110498.833000000        103887.300000000        6611.53300000000     
  3.532459418182262E-003  8.076314621970542E-005   237.945042289431     
  8.531678524172805E-003   2438.13033332933        3133471.77751347     
   110498.929000000        104806.600000000        5692.32900000000     
  3.505760328168087E-003  8.122164866923324E-005   238.849393365462     
  5.736152510448676E-003   2454.53836016504        3178242.04533787     
   110499.452000000        105768.100000000        4731.35200000000     
  3.478016071900379E-003  8.170630652232652E-005   239.800157612661     
  3.856620421163472E-003   2470.50830439221        3223246.05422752     
   110499.788000000        106706.700000000        3793.08800000000     
  3.451106613739121E-003  8.218456121791230E-005   240.733245738649     
  2.592943797404667E-003   2485.03464564925        3265451.03214951     
   110499.367000000        107562.700000000        2936.66700000000     
  3.426701589807003E-003  8.262542307570654E-005   241.588979342417     
  1.743328822199987E-003   2497.46993524698        3302571.51245057     
   110500.469000000        108297.500000000        2202.96900000000     
  3.405858502736104E-003  8.300740286690921E-005   242.327088216439     
  1.172102297533479E-003   2507.51339603917        3333236.57590540     
   110500.317000000        108892.100000000        1608.21700000000     
  3.389054277654604E-003  8.331908557203109E-005   242.927121566400     
  7.880462815669905E-004   2515.26681838210        3357336.28386910     
   110500.428000000        109352.000000000        1148.42800000000     
  3.376098459377532E-003  8.356168370375413E-005   243.392793988479     
  5.298316906283707E-004   2521.01470708810        3375445.79235871     
   110499.510400000        109693.400000000        806.110400000000     
  3.366502723915869E-003  8.374266401777543E-005   243.739426029657     
  3.562247890262441E-004   2525.17791602472        3388693.43208930     
   110499.576900000        109940.900000000        558.676900000000     
  3.359557006059229E-003  8.387435835273935E-005   243.991256022414     
  2.395026619987484E-004   2528.11382460550        3398102.32516922     
   110499.205200000        110115.600000000        383.605200000000     
  3.354661054773851E-003  8.396754024492204E-005   244.169237652769     
  1.610262027560939E-004   2530.18255249518        3404765.37482998     
   110500.401400000        110238.700000000        261.701400000000     
  3.351212284450339E-003  8.403335414117823E-005   244.294844247209     
  1.082636733874054E-004   2531.60326729479        3409357.26269994     
   110501.113400000        110323.400000000        177.713400000000     
  3.348844314275922E-003  8.407862694219049E-005   244.381199681603     
  7.278953843983146E-005   2532.56094062124        3412459.91941552     
   110500.691900000        110380.400000000        120.291900000000     
  3.347248343103150E-003  8.410917873278293E-005   244.439453446207     
  4.893900918477489E-005   2533.21107886599        3414569.61338196     
   110500.350760000        110419.100000000        81.2507600000000     
  3.346164985051501E-003  8.412993530933848E-005   244.479020314558     
  3.290344562312664E-005   2533.63097504171        3415933.63015637     
   110498.897740000        110444.100000000        54.7977400000000     
  3.345465335030677E-003  8.414334788447948E-005   244.504583446786     
  2.212216291070446E-005   2533.93571616167        3416924.28659219     
   110499.227450000        110462.300000000        36.9274500000000     
  3.344957583167317E-003  8.415308545270336E-005   244.523140212874     
  1.487352107293512E-005   2534.14356480271        3417600.30954178     
   110499.570760000        110474.700000000        24.8707600000000     
  3.344611281464769E-003  8.415972857449872E-005   244.535798896846     
  1.000000000000000E-005   2534.30296036218        3418118.93004766     
   110500.946780000        110484.200000000        16.7467800000000     
  3.344345714323851E-003  8.416482395821394E-005   244.545507748304     
   1.10000000000000     
