   1.00000000000000        4691.15680181626        11563449.7633191     
   300003.000000000        154914.900000000        145088.100000000     
  8.738486137404261E-004  1.515769373702363E-004   176.663378725530     
  0.672335753649934        4696.50469966447        11600172.7176498     
   299997.900000000        155480.300000000        144517.600000000     
  8.722501455091150E-004  1.517190226008805E-004   176.825180150972     
  0.452035365636024        4704.34157340441        11654602.5419668     
   299997.400000000        156311.200000000        143686.200000000     
  8.699035512651336E-004  1.519273760584565E-004   177.063516409435     
  0.303919538231320        4715.69446985493        11734766.6039341     
   299999.500000000        157523.600000000        142475.900000000     
  8.664952198222003E-004  1.522294990965112E-004   177.411412864189     
  0.204335971785694        4731.91472964744        11852046.1908275     
   299999.000000000        159279.700000000        140719.300000000     
  8.616069377034486E-004  1.526617379350227E-004   177.913970273630     
  0.137382379588326        4754.74025766117        12022695.8730176     
   299998.300000000        161807.600000000        138190.700000000     
  8.546899020203635E-004  1.532711172294485E-004   178.632454466008     
  9.236708571873861E-002   4786.15966207297        12268695.1836110     
   299999.100000000        165405.900000000        134593.200000000     
  8.450935858616627E-004  1.541119273914522E-004   179.643810870282     
  6.210169418915616E-002   4828.12951225554        12618267.0010361     
   299998.200000000        170427.400000000        129570.800000000     
  8.321353703931546E-004  1.552382062163743E-004   181.037142070442     
  4.175318936560400E-002   4882.15195129641        13105522.7270476     
   299999.500000000        177213.300000000        122786.200000000     
  8.152159085455154E-004  1.566917494558018E-004   182.906176922025     
  2.807216203941176E-002   4948.72077134796        13767466.9738922     
   299998.800000000        185854.800000000        114144.000000000     
  7.939960419827907E-004  1.584849035600206E-004   185.334193085220     
  1.887391822135097E-002   5028.07160828729        14651385.9686517     
   299999.400000000        195537.400000000        104462.000000000     
  7.681941587893195E-004  1.606158433273149E-004   188.420976944807     
  1.268961003167922E-002   5128.06614263861        15921506.6346338     
   299998.630000000        202729.300000000        97269.3300000000     
  7.350161163144775E-004  1.632666501387654E-004   192.626645227266     
  8.531678524172805E-003   5278.72209640843        18175529.8941579     
   299997.840000000        202448.900000000        97548.9400000000     
  6.842606927738074E-004  1.670967815869462E-004   199.642984461636     
  5.736152510448676E-003   5482.42458613691        21818344.0395305     
   299997.350000000        202466.500000000        97530.8500000000     
  6.167656449174263E-004  1.716883689932054E-004   210.283316172587     
  3.856620421163472E-003   5715.88826760952        26459176.7352937     
   299998.770000000        210691.400000000        89307.3700000000     
  5.469606794375598E-004  1.757949784668441E-004   223.299036513277     
  2.592943797404667E-003   5970.95258485861        31192875.2992964     
   299998.510000000        225912.000000000        74086.5100000000     
  4.866637639494925E-004  1.792005685949302E-004   236.728372435470     
  1.743328822199987E-003   6242.24208025939        34946545.0426971     
   299998.890000000        243477.500000000        56521.3900000000     
  4.418261147668483E-004  1.827610901596433E-004   248.450003032413     
  1.172102297533479E-003   6505.70458690449        37268096.6997776     
   300001.040000000        259318.500000000        40682.5400000000     
  4.121288502858481E-004  1.868921536072222E-004   257.245686054803     
  7.880462815669905E-004   6725.97504874086        38521929.9772803     
   300001.190000000        271647.000000000        28354.1900000000     
  3.935832865982891E-004  1.908521777330870E-004   263.236580396489     
  5.298316906283707E-004   6889.98521853216        39208475.9555255     
   299999.410000000        280539.400000000        19460.0100000000     
  3.820315427821936E-004  1.940075794513470E-004   267.186759241061     
  3.562247890262441E-004   7005.43960926501        39610257.7658230     
   300000.360000000        286742.200000000        13258.1600000000     
  3.746957514814911E-004  1.963002836946876E-004   269.789565573620     
  2.395026619987484E-004   7084.74545957909        39858134.7397985     
   300001.120000000        291000.100000000        9001.02000000000     
  3.699549609396223E-004  1.979001201926538E-004   271.512669697130     
  1.610262027560939E-004   7138.58086035962        40016032.7900441     
   299997.950000000        293895.500000000        6102.45000000000     
  3.668551591364121E-004  1.989953556676713E-004   272.657349803950     
  1.082636733874054E-004   7175.09466863562        40119047.2571560     
   300001.040000000        295863.000000000        4138.04000000000     
  3.648020652401156E-004  1.997418081758237E-004   273.423525369022     
  7.278953843983146E-005   7199.65421242152        40186667.6573473     
   299999.146000000        297188.700000000        2810.44600000000     
  3.634421788887398E-004  2.002453481936071E-004   273.934579447719     
  4.893900918477489E-005   7216.23105190698        40231603.1299784     
   299999.327000000        298084.500000000        1914.82700000000     
  3.625334792558537E-004  2.005858390807539E-004   274.277676198126     
  3.290344562312664E-005   7227.41158495008        40261604.4713603     
   300000.618000000        298689.300000000        1311.31800000000     
  3.619246544645249E-004  2.008157564467742E-004   274.508272062591     
  2.212216291070446E-005   7234.88088978287        40281514.2340620     
   299998.548100000        299093.600000000        904.948100000000     
  3.615197118990654E-004  2.009694717463049E-004   274.661968836293     
  1.487352107293512E-005   7239.94078170332        40294942.3626255     
   299999.059400000        299367.600000000        631.459400000000     
  3.612461990706232E-004  2.010736538178758E-004   274.765927383184     
  1.000000000000000E-005   7243.34249670585        40303943.4556957     
   299999.360200000        299551.900000000        447.460200000000     
  3.610626818055106E-004  2.011437174118490E-004   274.835746037119     
