   1.00000000000000        4719.25301073369        11760217.6549780     
   300001.600000000        154896.000000000        145105.600000000     
  8.654246828299697E-004  1.523242689834889E-004   177.521109025916     
  0.672335753649934        4724.34228802764        11796887.9541692     
   299998.600000000        155453.600000000        144545.000000000     
  8.638917995279614E-004  1.524598623022858E-004   177.678535927035     
  0.452035365636024        4731.79433698571        11851163.6325856     
   299998.700000000        156271.700000000        143727.000000000     
  8.616433023901170E-004  1.526585272120394E-004   177.910215889490     
  0.303919538231320        4742.59480253805        11931065.8491041     
   299999.700000000        157464.300000000        142535.400000000     
  8.583760692628423E-004  1.529467071718872E-004   178.248485110178     
  0.204335971785694        4758.05888561117        12048064.3608569     
   299998.400000000        159192.500000000        140805.900000000     
  8.536804477121648E-004  1.533598206032716E-004   178.738037743775     
  0.137382379588326        4779.89178525020        12218570.7172186     
   299999.500000000        161683.100000000        138316.400000000     
  8.470150125894813E-004  1.539440198377672E-004   179.439936193137     
  9.236708571873861E-002   4810.03818142031        12464568.6405955     
   299998.500000000        165228.400000000        134770.100000000     
  8.377408991557505E-004  1.547523241240685E-004   180.430441071846     
  6.210169418915616E-002   4850.52237708116        12815009.8316659     
   299999.500000000        170184.100000000        129815.400000000     
  8.251550342149717E-004  1.558403089048337E-004   181.801267688126     
  4.175318936560400E-002   4902.94607753346        13304799.2617132     
   299999.400000000        176885.500000000        123113.900000000     
  8.086310312364546E-004  1.572518852918010E-004   183.649394709564     
  2.807216203941176E-002   4968.07372349556        13973288.5103039     
   299998.800000000        185419.100000000        114579.700000000     
  7.877522002186387E-004  1.590057487237800E-004   186.067239875499     
  1.887391822135097E-002   5046.49028486014        14871994.0563993     
   299998.400000000        194928.300000000        105070.100000000     
  7.621330368291561E-004  1.611079356053026E-004   189.168737340273     
  1.268961003167922E-002   5146.68858176975        16177912.4393420     
   299999.270000000        201717.500000000        98281.7700000000     
  7.287741980409597E-004  1.637531004917725E-004   193.449809022619     
  8.531678524172805E-003   5298.60973621656        18503107.8473003     
   299998.350000000        200933.100000000        99065.2500000000     
  6.775563547686169E-004  1.675799608762827E-004   200.628277888307     
  5.736152510448676E-003   5503.24924114968        22220927.3861809     
   299997.620000000        201005.200000000        98992.4200000000     
  6.101111125830037E-004  1.721069116517167E-004   211.426996305985     
  3.856620421163472E-003   5738.84151287503        26914912.8658961     
   299998.670000000        209612.700000000        90385.9700000000     
  5.407838777835367E-004  1.761348245349242E-004   224.570667555323     
  2.592943797404667E-003   5998.88703973991        31648907.6177975     
   299998.050000000        225267.300000000        74730.7500000000     
  4.811856421304513E-004  1.795497255992869E-004   238.072084837973     
  1.743328822199987E-003   6278.15141994581        35331929.3570121     
   300000.100000000        243173.900000000        56826.2000000000     
  4.371204943428944E-004  1.832797882561333E-004   249.783702394212     
  1.172102297533479E-003   6548.87075348048        37552923.8615982     
   300001.760000000        259204.900000000        40796.8600000000     
  4.081434785301376E-004  1.876368143199179E-004   258.498583613375     
  7.880462815669905E-004   6772.73623549584        38734556.4417232     
   299996.960000000        271604.000000000        28392.9600000000     
  3.901310207612955E-004  1.917372071666053E-004   264.398700029108     
  5.298316906283707E-004   6937.97758880940        39382193.1660391     
   299997.520000000        280524.100000000        19473.4200000000     
  3.789135883523167E-004  1.949546742978156E-004   268.283799871882     
  3.562247890262441E-004   7053.72649907205        39763519.6063961     
   300001.810000000        286739.000000000        13262.8100000000     
  3.717832200581773E-004  1.972722956304141E-004   270.844260904967     
  2.395026619987484E-004   7132.92703905836        39999800.1508225     
   299999.527000000        290997.200000000        9002.32700000000     
  3.671765306051128E-004  1.988800234029918E-004   272.538002126961     
  1.610262027560939E-004   7186.68259073538        40151112.4371248     
   299998.152000000        293895.800000000        6102.35200000000     
  3.641583759463756E-004  1.999792529157464E-004   273.665071138604     
  1.082636733874054E-004   7223.10316031615        40250072.0206697     
   300002.078000000        295864.800000000        4137.27800000000     
  3.621588824706057E-004  2.007271327333911E-004   274.419488048309     
  7.278953843983146E-005   7247.55881792909        40315070.8007887     
   299999.241000000        297189.900000000        2809.34100000000     
  3.608356199450246E-004  2.012305844515790E-004   274.922204826614     
  4.893900918477489E-005   7264.02817803043        40358232.0037663     
   299997.131000000        298083.600000000        1913.53100000000     
  3.599529087597667E-004  2.015701581884804E-004   275.259093346371     
  3.290344562312664E-005   7275.15870176626        40387136.1257162     
   299998.112000000        298688.200000000        1309.91200000000     
  3.593600851908578E-004  2.017998824105045E-004   275.486042087215     
  2.212216291070446E-005   7282.62590813084        40406410.9692340     
   299997.576500000        299094.100000000        903.476500000000     
  3.589640362071083E-004  2.019540990339873E-004   275.637973407095     
  1.487352107293512E-005   7287.68355092767        40419414.2046750     
   299999.146100000        299369.200000000        629.946100000000     
  3.586965363778352E-004  2.020585966471103E-004   275.740733366340     
  1.000000000000000E-005   7291.07205807178        40428102.9802140     
   299999.520000000        299553.600000000        445.920000000000     
  3.585176536146964E-004  2.021286275033084E-004   275.809515273458     
   1.10000000000000     
