   1.00000000000000        3466.78226804387        6639176.25621532     
   300002.600000000        180050.600000000        119952.000000000     
  1.766450219027789E-002  1.150854660171230E-004   39.2928846217361     
  0.672335753649934        3467.23939124717        6641137.40833119     
   299998.000000000        180137.300000000        119860.700000000     
  1.766096685632404E-002  1.151024732882765E-004   39.2968172018861     
  0.452035365636024        3467.95286516506        6644196.72272366     
   299999.300000000        180270.000000000        119729.300000000     
  1.765545250833183E-002  1.151290107131428E-004   39.3029535249740     
  0.303919538231320        3469.00488483231        6648704.04737599     
   299999.400000000        180468.200000000        119531.200000000     
  1.764732952524089E-002  1.151681237955742E-004   39.3119979550084     
  0.204335971785694        3470.56370155508        6655374.70232492     
   299999.000000000        180766.000000000        119233.000000000     
  1.763531080362951E-002  1.152260429687002E-004   39.3253915056440     
  0.137382379588326        3472.87298717979        6665239.15483313     
   299998.400000000        181215.900000000        118782.500000000     
  1.761754406101531E-002  1.153117667666658E-004   39.3452156963697     
  9.236708571873861E-002   3476.28585883232        6679778.75934853     
   299997.400000000        181899.800000000        118097.600000000     
  1.759137033120237E-002  1.154382817487054E-004   39.3744751243693     
  6.210169418915616E-002   3481.32744005316        6701171.00309490     
   299999.300000000        182948.700000000        117050.600000000     
  1.755288831369603E-002  1.156247863043233E-004   39.4176126851984     
  4.175318936560400E-002   3488.69050596155        6732226.41798045     
   299998.600000000        184567.200000000        115431.400000000     
  1.749707776027460E-002  1.158963304032296E-004   39.4804278643275     
  2.807216203941176E-002   3499.35400334225        6776799.60322104     
   299999.000000000        187080.500000000        112918.500000000     
  1.741707389883038E-002  1.162877918599637E-004   39.5709988504255     
  1.887391822135097E-002   3514.49360011947        6839242.15380248     
   299999.300000000        190978.800000000        109020.500000000     
  1.730515898798009E-002  1.168398284430927E-004   39.6987480633452     
  1.268961003167922E-002   3535.27917079788        6923311.92925567     
   299997.800000000        196911.000000000        103086.800000000     
  1.715469080659974E-002  1.175903788023639E-004   39.8724715996073     
  8.531678524172805E-003   3562.36255740361        7029875.89148720     
   299999.170000000        205514.200000000        94484.9700000000     
  1.696410969602655E-002  1.185552057628183E-004   40.0958167476825     
  5.736152510448676E-003   3595.00064870040        7153695.30689485     
   299999.110000000        216965.000000000        83034.1100000000     
  1.674253424295425E-002  1.196977275650692E-004   40.3602638926660     
  3.856620421163472E-003   3630.73295589463        7283414.74756719     
   299999.360000000        230527.600000000        69471.7600000000     
  1.650980790107988E-002  1.209230231216020E-004   40.6437320031717     
  2.592943797404667E-003   3666.03341190954        7405619.45937834     
   299999.730000000        244666.800000000        55332.9300000000     
  1.628960791224231E-002  1.221074931132185E-004   40.9175166332321     
  1.743328822199987E-003   3697.72633405582        7510434.08513662     
   299999.100000000        257779.100000000        42220.0000000000     
  1.609974574938631E-002  1.231493936729212E-004   41.1580764118181     
  1.172102297533479E-003   3724.00279795946        7593956.35926573     
   299997.250000000        268840.500000000        31156.7500000000     
  1.594767456762883E-002  1.239982894442308E-004   41.3538445928319     
  7.880462815669905E-004   3744.51993163225        7657133.93228095     
   299999.070000000        277541.600000000        22457.4700000000     
  1.583214775443272E-002  1.246520343453978E-004   41.5044490684683     
  5.298316906283707E-004   3759.80630722369        7703089.72910270     
   299998.850000000        284049.100000000        15949.7500000000     
  1.574783468103352E-002  1.251340945369938E-004   41.6154068421122     
  3.562247890262441E-004   3770.84159090432        7735693.86990054     
   299998.890000000        288752.600000000        11246.2900000000     
  1.568787460020759E-002  1.254795043318875E-004   41.6948592412539     
  2.395026619987484E-004   3778.64307384984        7758462.26724339     
   300000.905000000        292075.100000000        7925.80500000000     
  1.564593305416482E-002  1.257224106946713E-004   41.7507067601526     
  1.610262027560939E-004   3784.05002998407        7774108.32277981     
   300000.602000000        294382.000000000        5618.60200000000     
  1.561707867087282E-002  1.258901468184393E-004   41.7892585490466     
  1.082636733874054E-004   3787.74047782511        7784725.26366181     
   299997.005000000        295964.400000000        4032.60500000000     
  1.559748387596538E-002  1.260043472388027E-004   41.8154997484646     
  7.278953843983146E-005   3790.30819889580        7792082.86109503     
   300000.876000000        297050.500000000        2950.37600000000     
  1.558389748875554E-002  1.260836693339006E-004   41.8337235823378     
  4.893900918477489E-005   3792.01327399953        7796955.38020471     
   299998.563000000        297783.200000000        2215.36300000000     
  1.557489682391093E-002  1.261362813565538E-004   41.8458095765913     
  3.290344562312664E-005   3793.20425056866        7800352.54699416     
   300001.591000000        298283.700000000        1717.89100000000     
  1.556861998689481E-002  1.261730014219663E-004   41.8542442471058     
  2.212216291070446E-005   3793.97421964268        7802546.10271818     
   299999.367000000        298617.500000000        1381.86700000000     
  1.556456637670563E-002  1.261967284237240E-004   41.8596941074065     
  1.487352107293512E-005   3794.49085461715        7804016.74304842     
   299997.557000000        298842.300000000        1155.25700000000     
  1.556184840393551E-002  1.262126432623572E-004   41.8633494677250     
  1.000000000000000E-005   3794.85467512041        7805051.81053048     
   299998.200000000        298995.600000000        1002.60000000000     
  1.555993530148054E-002  1.262238480146685E-004   41.8659229444836     
   1.10000000000000     
