   1.00000000000000        4582.67552885901        10532074.4392771     
   300001.900000000        155619.500000000        144382.400000000     
  1.522948881042602E-003  1.485040100771445E-004   133.820275758472     
  0.672335753649934        4587.21306271261        10553575.9147260     
   299999.500000000        155997.200000000        144002.300000000     
  1.520873541580121E-003  1.486217916634054E-004   133.911548511961     
  0.452035365636024        4593.89030329395        10585508.5704953     
   299999.300000000        156557.600000000        143441.700000000     
  1.517817497744581E-003  1.487952019459171E-004   134.046292965640     
  0.303919538231320        4603.62048157105        10632671.7788404     
   299999.400000000        157384.300000000        142615.100000000     
  1.513359594343555E-003  1.490480881129804E-004   134.243578459897     
  0.204335971785694        4617.65816730740        10702055.7321446     
   299999.200000000        158598.900000000        141400.300000000     
  1.506918033934680E-003  1.494133303465749E-004   134.530196105082     
  0.137382379588326        4637.64099814504        10803630.4254988     
   299998.900000000        160373.700000000        139625.200000000     
  1.497726036790360E-003  1.499341015048115E-004   134.942392140566     
  9.236708571873861E-002   4665.54918048442        10951209.0992490     
   299998.700000000        162946.700000000        137052.000000000     
  1.484840032788858E-003  1.506631225863606E-004   135.526669700375     
  6.210169418915616E-002   4703.52753561900        11163281.1871710     
   299999.300000000        166633.700000000        133365.600000000     
  1.467202728757179E-003  1.516584938935023E-004   136.338824803969     
  4.175318936560400E-002   4753.43026773306        11462938.8876966     
   299997.300000000        171824.500000000        128172.800000000     
  1.443825389170287E-003  1.529722972789645E-004   137.438144801807     
  2.807216203941176E-002   4816.24400496921        11876818.8217773     
   299999.500000000        178953.700000000        121045.800000000     
  1.414028152269265E-003  1.546354889479589E-004   138.878689669052     
  1.887391822135097E-002   4891.20429420374        12429428.0239890     
   299999.300000000        188367.400000000        111631.900000000     
  1.377860942914794E-003  1.566330741186542E-004   140.689590465523     
  1.268961003167922E-002   4975.46756928296        13134841.6285884     
   299998.350000000        200062.600000000        99935.7500000000     
  1.336349658302106E-003  1.588914062123330E-004   142.858022470939     
  8.531678524172805E-003   5065.09877096793        13993053.0429650     
   299998.350000000        212956.800000000        87041.5500000000     
  1.291178479092200E-003  1.612996896360259E-004   145.335456651900     
  5.736152510448676E-003   5171.55981249406        15170295.9054507     
   299999.100000000        222286.600000000        77712.5000000000     
  1.236264376125234E-003  1.641470240069852E-004   148.528255786127     
  3.856620421163472E-003   5323.32339561279        17166228.6555290     
   299999.400000000        225764.000000000        74235.4000000000     
  1.156276480057772E-003  1.681073554653628E-004   153.579754658260     
  2.592943797404667E-003   5478.07363345446        19587201.0390265     
   299999.100000000        233443.000000000        66556.1000000000     
  1.074362829556820E-003  1.718867096161139E-004   159.326999998382     
  1.743328822199987E-003   5610.69662154847        21931257.3679667     
   300001.390000000        245300.500000000        54700.8900000000     
  1.005961157282273E-003  1.747920775906782E-004   164.654759636064     
  1.172102297533479E-003   5717.42003109776        23941762.5482205     
   299999.630000000        257877.200000000        42122.4300000000     
  9.535834551101344E-004  1.768528527868414E-004   169.116332082927     
  7.880462815669905E-004   5799.91846157235        25530021.1293884     
   300002.150000000        268973.800000000        31028.3500000000     
  9.154312548605057E-004  1.782712847620113E-004   172.604467894689     
  5.298316906283707E-004   5861.72954073454        26717368.4516660     
   299998.190000000        277796.100000000        22202.0900000000     
  8.884476463399841E-004  1.792421253784635E-004   175.205999118597     
  3.562247890262441E-004   5906.74437661062        27571228.5998080     
   299998.910000000        284402.000000000        15596.9100000000     
  8.697435493588979E-004  1.799059433155206E-004   177.079903144872     
  2.395026619987484E-004   5938.82300139378        28170645.5008180     
   299997.960000000        289159.800000000        10838.1600000000     
  8.569248073534285E-004  1.803599074283296E-004   178.399452921701     
  1.610262027560939E-004   5961.33763725607        28585658.6480039     
   300001.330000000        292510.200000000        7491.13000000000     
  8.481873523744711E-004  1.806703037706803E-004   179.315971556779     
  1.082636733874054E-004   5976.89613292514        28869322.5175162     
   300002.206000000        294829.400000000        5172.80600000000     
  8.422758912881155E-004  1.808812929399964E-004   179.944128402176     
  7.278953843983146E-005   5987.59231287039        29062733.3123069     
   300001.768000000        296418.600000000        3583.16800000000     
  8.382721534114144E-004  1.810248360444168E-004   180.373337822647     
  4.893900918477489E-005   5994.87006292654        29193547.3447764     
   300001.671000000        297501.400000000        2500.27100000000     
  8.355761402769701E-004  1.811218513851043E-004   180.664092684132     
  3.290344562312664E-005   5999.81041390586        29281974.5839952     
   300001.303000000        298235.500000000        1765.80300000000     
  8.337590172218521E-004  1.811874231667568E-004   180.860857631962     
  2.212216291070446E-005   6003.15109381780        29341594.8248977     
   300000.793000000        298731.700000000        1269.09300000000     
  8.325362399599625E-004  1.812316373124488E-004   180.993627011348     
  1.487352107293512E-005   6005.39801010740        29381614.6939941     
   299998.618000000        299064.800000000        933.818000000000     
  8.317165179828490E-004  1.812613199047435E-004   181.082796456376     
  1.000000000000000E-005   6006.91689395280        29408630.6769762     
   299998.412100000        299290.600000000        707.812100000000     
  8.311636318005287E-004  1.812813601008663E-004   181.143013950571     
   1.10000000000000     
