   1.00000000000000        4429.01614948088        9761328.51109210     
   300000.600000000        154829.800000000        145170.800000000     
  2.237573315329392E-003  1.444282040713718E-004   110.401738981749     
  0.672335753649934        4433.57347794994        9776649.71120881     
   299998.500000000        155139.600000000        144858.900000000     
  2.234748390390538E-003  1.445447222618895E-004   110.471495990417     
  0.452035365636024        4440.30393722245        9799461.37168630     
   299999.500000000        155600.600000000        144398.900000000     
  2.230578013999808E-003  1.447168366611408E-004   110.574718893134     
  0.303919538231320        4450.10737541700        9833088.28143129     
   299997.800000000        156279.800000000        143718.000000000     
  2.224506632956747E-003  1.449676141691357E-004   110.725513032735     
  0.204335971785694        4464.33261511039        9882744.49122092     
   299998.700000000        157281.900000000        142716.800000000     
  2.215702377758214E-003  1.453316841038189E-004   110.945283333338     
  0.137382379588326        4484.66512822985        9955547.37433557     
   299998.400000000        158749.600000000        141248.800000000     
  2.203126986414799E-003  1.458524663661876E-004   111.261469837084     
  9.236708571873861E-002   4513.24217768851        10061668.4861449     
   299998.400000000        160886.500000000        139111.900000000     
  2.185462224764512E-003  1.465853309338671E-004   111.710220703703     
  6.210169418915616E-002   4552.43118678923        10214853.6679586     
   299999.300000000        163968.200000000        136031.100000000     
  2.161236337031725E-003  1.475923374240304E-004   112.334572596773     
  4.175318936560400E-002   4604.40425437901        10432778.6554137     
   300000.900000000        168351.600000000        131649.300000000     
  2.129058062698543E-003  1.489320035812240E-004   113.180295431688     
  2.807216203941176E-002   4670.36797452961        10736118.4971805     
   299998.400000000        174463.200000000        125535.200000000     
  2.088039359351997E-003  1.506402790412998E-004   114.286582808578     
  1.887391822135097E-002   4749.76404065548        11145834.9020186     
   299998.900000000        182751.500000000        117247.400000000     
  2.038234828611845E-003  1.527099952496531E-004   115.674463769717     
  1.268961003167922E-002   4839.45996567881        11675466.4220884     
   299998.900000000        193521.700000000        106477.200000000     
  1.981165483002439E-003  1.550676796920785E-004   117.328697327810     
  8.531678524172805E-003   4933.98852061492        12321274.0576376     
   299999.530000000        206684.500000000        93315.0300000000     
  1.919852023344628E-003  1.575745620565812E-004   119.187517124945     
  5.736152510448676E-003   5026.22499761771        13049767.4188072     
   299999.090000000        221438.200000000        78560.8900000000     
  1.858693690861358E-003  1.600389071981049E-004   121.132523879816     
  3.856620421163472E-003   5113.32859458516        13837160.4682168     
   299998.870000000        235393.200000000        64605.6700000000     
  1.799668004949168E-003  1.623751544523976E-004   123.102963888025     
  2.592943797404667E-003   5220.47529863437        14951224.9087739     
   299999.360000000        244572.400000000        55426.9600000000     
  1.725446831364211E-003  1.652430012194161E-004   125.722773789200     
  1.743328822199987E-003   5330.47923377256        16274292.3306378     
   299998.980000000        253374.700000000        46624.2800000000     
  1.647741399999397E-003  1.681476835528062E-004   128.653100721080     
  1.172102297533479E-003   5417.14930451381        17449268.4920526     
   299998.550000000        263283.300000000        36715.2500000000     
  1.585882807617129E-003  1.703772204988779E-004   131.138215517184     
  7.880462815669905E-004   5480.84729841225        18386775.0123947     
   300002.720000000        272511.000000000        27491.7200000000     
  1.540360785876396E-003  1.719652706736181E-004   133.061865917979     
  5.298316906283707E-004   5526.28538907824        19092458.2329067     
   300002.820000000        280096.900000000        19905.9200000000     
  1.507999856798737E-003  1.730647544971164E-004   134.482012594951     
  3.562247890262441E-004   5558.12123393079        19604354.6145323     
   300002.300000000        285893.600000000        14108.7000000000     
  1.485438508599718E-003  1.738160472855053E-004   135.499446092226     
  2.395026619987484E-004   5580.14746701225        19966554.6844628     
   300001.334000000        290127.800000000        9873.53400000000     
  1.469903509600670E-003  1.743258428399339E-004   136.213593842697     
  1.610262027560939E-004   5595.25621876982        20218652.3708064     
   300000.501000000        293133.900000000        6866.60100000000     
  1.459289539821900E-003  1.746705530348096E-004   136.708064272070     
  1.082636733874054E-004   5605.55617287056        20392160.9046114     
   300000.093000000        295229.400000000        4770.69300000000     
  1.452075701082001E-003  1.749031498007888E-004   137.047223721642     
  7.278953843983146E-005   5612.54637398447        20510657.8232806     
   299999.911000000        296672.600000000        3327.31100000000     
  1.447190779911678E-003  1.750598736880903E-004   137.278327456062     
  4.893900918477489E-005   5617.27662906818        20591179.3845125     
   299999.901000000        297658.700000000        2341.20100000000     
  1.443890364657819E-003  1.751654027369754E-004   137.435132248538     
  3.290344562312664E-005   5620.47212421295        20645726.3621605     
   300000.159000000        298329.100000000        1671.05900000000     
  1.441663235166413E-003  1.752364500243391E-004   137.541248698441     
  2.212216291070446E-005   5622.62484565364        20682541.3442957     
   299999.946000000        298782.700000000        1217.24600000000     
  1.440164009803482E-003  1.752842019866151E-004   137.612821146315     
  1.487352107293512E-005   5624.08634772688        20707566.4330384     
   300002.171000000        299091.500000000        910.671000000000     
  1.439146698855438E-003  1.753165702303145E-004   137.661450862854     
  1.000000000000000E-005   5625.05965766711        20724246.1588675     
   300001.466800000        299297.600000000        703.866800000000     
  1.438469443207854E-003  1.753381034273870E-004   137.693853782144     
   1.10000000000000     
