   1.00000000000000        4990.36837113529        12288317.5511752     
   795001.800000000        423704.200000000        371297.600000000     
  2.718925669718768E-003  1.588556402887746E-004   344.213338509314     
  0.672335753649934        4994.54966491427        12317635.2293357     
   794993.000000000        424794.800000000        370198.200000000     
  2.715156772019242E-003  1.589666457752410E-004   344.452157095076     
  0.452035365636024        5000.72341953781        12361261.4263481     
   794998.600000000        426413.200000000        368585.400000000     
  2.709585773195808E-003  1.591306172979996E-004   344.806079159962     
  0.303919538231320        5009.70805420423        12425476.6175476     
   794997.900000000        428788.900000000        366209.000000000     
  2.701465117322634E-003  1.593693905705461E-004   345.323939061283     
  0.204335971785694        5022.69576890003        12519842.2585542     
   794997.100000000        432271.800000000        362725.300000000     
  2.689698369260454E-003  1.597148464028979E-004   346.078469914251     
  0.137382379588326        5041.23254953755        12657731.2636843     
   794995.200000000        437351.900000000        357643.300000000     
  2.672846237592690E-003  1.602084809092835E-004   347.167761565960     
  9.236708571873861E-002   5067.22508334648        12857576.6620898     
   794993.600000000        444705.400000000        350288.200000000     
  2.649099382026412E-003  1.609017203428936E-004   348.720323450486     
  6.210169418915616E-002   5102.79108434228        13143698.4474769     
   794998.800000000        455221.700000000        339777.100000000     
  2.616382528860713E-003  1.618520047491086E-004   350.893864783059     
  4.175318936560400E-002   5149.82430292553        13545455.8197767     
   794998.400000000        469951.800000000        325046.600000000     
  2.572717346050075E-003  1.631108739403923E-004   353.859102959673     
  2.807216203941176E-002   5209.39316798333        14094361.9135382     
   794998.200000000        489916.400000000        305081.800000000     
  2.516768950819694E-003  1.647065680147361E-004   357.770687074839     
  1.887391822135097E-002   5280.91813562872        14815733.0344554     
   794998.100000000        515422.600000000        279575.500000000     
  2.448689873056400E-003  1.666190515247357E-004   362.710025683750     
  1.268961003167922E-002   5362.75795652399        15728708.9321592     
   794998.200000000        544058.300000000        250939.900000000     
  2.369745289052274E-003  1.687916287153054E-004   368.702129962267     
  8.531678524172805E-003   5463.83050968454        16990060.4923137     
   794996.700000000        565633.200000000        229363.500000000     
  2.271157000288876E-003  1.714271941040250E-004   376.619616518651     
  5.736152510448676E-003   5605.27453145947        19003903.1029259     
   794997.000000000        576344.800000000        218652.200000000     
  2.132749811661640E-003  1.749575167767920E-004   388.648149123397     
  3.856620421163472E-003   5758.22310857407        21478666.4612230     
   794996.900000000        598355.500000000        196641.400000000     
  1.985920724082488E-003  1.784490054067907E-004   402.759359975277     
  2.592943797404667E-003   5896.13731723434        23905752.7001968     
   794998.000000000        632357.200000000        162640.800000000     
  1.859964861203236E-003  1.812144468871416E-004   416.173325905458     
  1.743328822199987E-003   6011.89595084044        26009184.8076858     
   795000.800000000        668683.300000000        126317.500000000     
  1.761641184937779E-003  1.832342041071888E-004   427.629719198480     
  1.172102297533479E-003   6104.75114701911        27686096.1470433     
   794997.160000000        700876.300000000        94120.8600000000     
  1.688894149912719E-003  1.846744184283213E-004   436.742421843449     
  7.880462815669905E-004   6176.49793541251        28947669.2912596     
   794999.080000000        726589.200000000        68409.8800000000     
  1.636834963584836E-003  1.856993504116785E-004   443.633292586254     
  5.298316906283707E-004   6230.08396154809        29859014.5302972     
   794995.870000000        745877.900000000        49117.9700000000     
  1.600413861315596E-003  1.864277330442330E-004   448.652828019095     
  3.562247890262441E-004   6269.13195271578        30502371.3188284     
   794999.000000000        759804.200000000        35194.8000000000     
  1.575212433644605E-003  1.869442659637157E-004   452.227515966974     
  2.395026619987484E-004   6296.90124263767        30947932.8373282     
   794999.250000000        769610.800000000        25388.4500000000     
  1.557974399406956E-003  1.873064965024142E-004   454.722434365549     
  1.610262027560939E-004   6316.33203759830        31253378.6093620     
   794999.760000000        776409.500000000        18590.2600000000     
  1.546248073627192E-003  1.875581996902988E-004   456.443416251725     
  1.082636733874054E-004   6329.74510892396        31461068.1491526     
   794993.610000000        781067.900000000        13925.7100000000     
  1.538313255493891E-003  1.877313584471711E-004   457.619094057641     
  7.278953843983146E-005   6338.95664813979        31602169.6334073     
   794995.330000000        784248.300000000        10747.0300000000     
  1.532939065023307E-003  1.878500775829528E-004   458.420551110300     
  4.893900918477489E-005   6345.20793950885        31697205.4624075     
   794992.409000000        786402.000000000        8590.40900000000     
  1.529326596907493E-003  1.879305777068928E-004   458.961653795724     
  3.290344562312664E-005   6349.47328145308        31761711.9723343     
   794995.056000000        787863.300000000        7131.75600000000     
  1.526877781354711E-003  1.879854808131411E-004   459.329547388627     
  2.212216291070446E-005   6352.35848102551        31805189.7229638     
   794996.766000000        788849.700000000        6147.06600000000     
  1.525228680727480E-003  1.880226106018690E-004   459.577796253069     
  1.487352107293512E-005   6354.31783927879        31834643.5441356     
   795005.092000000        789521.800000000        5483.29200000000     
  1.524112140091398E-003  1.880478226517214E-004   459.746104408997     
  1.000000000000000E-005   6355.63920363690        31854473.7310186     
   795006.262000000        789970.100000000        5036.16200000000     
  1.523360699514410E-003  1.880648241584390E-004   459.859481270489     
