   1.00000000000000        6446.49488970994        36839305.1576638     
   999992.300000000        428626.900000000        571365.400000000     
  4.179385771427797E-004  1.858997126640085E-004   255.451463792999     
  0.672335753649934        6483.04704272076        37109463.2384628     
   999996.600000000        432994.600000000        567002.000000000     
  4.143027896438919E-004  1.865082974754786E-004   256.569889102727     
  0.452035365636024        6540.67211727925        37500508.5708349     
   999991.900000000        438462.400000000        561529.500000000     
  4.088853390363411E-004  1.874940709113945E-004   258.263975046873     
  0.303919538231320        6634.66835917458        38058477.8538710     
   999997.000000000        444991.600000000        555005.400000000     
  4.007648287403665E-004  1.891648513956499E-004   260.867382097267     
  0.204335971785694        6794.66737765343        38829254.3447921     
   999997.400000000        452480.300000000        547517.100000000     
  3.885585385146634E-004  1.921566073082798E-004   264.933163987496     
  0.137382379588326        7076.97078330611        39834684.0915739     
   999996.100000000        461189.600000000        538806.500000000     
  3.704101968825774E-004  1.977425258793508E-004   271.345773509181     
  9.236708571873861E-002   7560.06279276466        41071349.0043395     
   999996.400000000        472442.100000000        527554.300000000     
  3.450807331340588E-004  2.077263848027434E-004   281.128033353859     
   1.10000000000000     
