   1.00000000000000        2754.27490837272        4538408.45618941     
   100000.660000000        64090.5700000000        35910.0900000000     
  1.766396449445533E-003  9.301993136433334E-005   124.256906607229     
  0.672335753649934        2755.71265881733        4546154.95214227     
   99999.3000000000        64135.9900000000        35863.3100000000     
  1.764934547384604E-003  9.307948918082613E-005   124.308357278857     
  0.452035365636024        2757.85303726497        4557709.73673613     
   99999.0100000000        64203.6500000000        35795.3600000000     
  1.762759485529672E-003  9.316824357312625E-005   124.385025556508     
  0.303919538231320        2761.02335503589        4574873.67074441     
   99999.7500000000        64303.9400000000        35695.8100000000     
  1.759540647630662E-003  9.329990251067037E-005   124.498746418440     
  0.204335971785694        2765.68568425258        4600219.71156572     
   99999.6900000000        64451.5100000000        35548.1800000000     
  1.754813340760715E-003  9.349393876818844E-005   124.666328031056     
  0.137382379588326        2772.52304540090        4637608.49548143     
   99999.4600000000        64668.1000000000        35331.3600000000     
  1.747895029116803E-003  9.377935944245655E-005   124.912804535104     
  9.236708571873861E-002   2782.49130750756        4692562.92763766     
   99999.2200000000        64984.2800000000        35014.9400000000     
  1.737841246180573E-003  9.419721625556836E-005   125.273607633020     
  6.210169418915616E-002   2796.90605846370        4772897.33532303     
   99999.1400000000        65442.3500000000        34556.7900000000     
  1.723377124221321E-003  9.480478689672813E-005   125.798213993250     
  4.175318936560400E-002   2817.53287223805        4889421.00315151     
   99999.7700000000        66099.4700000000        33900.3000000000     
  1.702851253319823E-003  9.568000453039541E-005   126.554118674182     
  2.807216203941176E-002   2846.65471711784        5056409.76102642     
   99999.7700000000        67030.2900000000        32969.4800000000     
  1.674271658344061E-003  9.692422446683128E-005   127.629680184049     
  1.887391822135097E-002   2887.19804710902        5291682.37883861     
   99999.6900000000        68331.3900000000        31668.3000000000     
  1.635419597339621E-003  9.866404208595744E-005   129.136808056064     
  1.268961003167922E-002   2942.88582562035        5614282.55510849     
   99999.5700000000        70126.1300000000        29873.4400000000     
  1.584236199861847E-003  1.010436145248541E-004   131.206297036685     
  8.531678524172805E-003   3018.53512998535        6036386.73800120     
   99999.3900000000        72572.0500000000        27427.3400000000     
  1.519631754365276E-003  1.041985794967245E-004   133.966266822865     
  5.736152510448676E-003   3119.82800476994        6542159.51523722     
   99999.5900000000        75847.2300000000        24152.3600000000     
  1.443258278349212E-003  1.081767839693417E-004   137.465141228471     
  3.856620421163472E-003   3248.59788652042        7057822.24067102     
   99999.4800000000        79993.4400000000        20006.0400000000     
  1.362567823832322E-003  1.127436562512099E-004   141.476892403181     
  2.592943797404667E-003   3390.57855662230        7481326.36018011     
   99999.6300000000        84542.4400000000        15457.1900000000     
  1.290479061287758E-003  1.172299785374359E-004   145.374778458898     
  1.743328822199987E-003   3519.67027108785        7782940.16797192     
   99999.6500000000        88673.5500000000        11326.1000000000     
  1.235356981703391E-003  1.209716267088608E-004   148.582716555103     
  1.172102297533479E-003   3621.95721963932        7993332.31370151     
   99999.0340000000        91953.9900000000        8045.04400000000     
  1.196399585813475E-003  1.237938954496835E-004   150.982425401783     
  7.880462815669905E-004   3697.59646619129        8142248.67044026     
   99999.4640000000        94387.6700000000        5611.79400000000     
  1.169550311325098E-003  1.258271435701202E-004   152.705636545325     
  5.298316906283707E-004   3751.59713913754        8248013.25038837     
   99999.7940000000        96130.2700000000        3869.52400000000     
  1.151198944834650E-003  1.272581965617442E-004   153.917971058834     
  3.562247890262441E-004   3789.36887219885        8322616.32146953     
   99999.2830000000        97351.9200000000        2647.36300000000     
  1.138710106302176E-003  1.282510379657969E-004   154.759719403236     
  2.395026619987484E-004   3815.49353696659        8374797.94233788     
   99999.7470000000        98198.3300000000        1801.41700000000     
  1.130222788912220E-003  1.289343915976261E-004   155.339710483118     
  1.610262027560939E-004   3833.37547442519        8410879.28970410     
   99999.5410000000        98778.3800000000        1221.16100000000     
  1.124479322521272E-003  1.294007294604386E-004   155.735917054696     
  1.082636733874054E-004   3845.56677391321        8435675.92833423     
   99999.8315000000        99174.1800000000        825.651500000000     
  1.120592850589820E-003  1.297180569489130E-004   156.005747220082     
  7.278953843983146E-005   3853.82911016944        8452581.05894220     
   99999.8049000000        99442.5700000000        557.234900000000     
  1.117971910857359E-003  1.299328530540154E-004   156.188507805256     
  4.893900918477489E-005   3859.41568464313        8464059.88879883     
   99999.7372000000        99624.1200000000        375.617200000000     
  1.116205583645271E-003  1.300779708048559E-004   156.312038379218     
  3.290344562312664E-005   3863.18728942765        8471832.40394093     
   99999.6917000000        99746.7100000000        252.981700000000     
  1.115015714716447E-003  1.301758908127385E-004   156.395418952609     
  2.212216291070446E-005   3865.72910879481        8477081.26479843     
   99999.6388000000        99829.3500000000        170.288800000000     
  1.114214994626958E-003  1.302418594682371E-004   156.451604922974     
  1.487352107293512E-005   3867.44595337654        8480631.49874960     
   99999.7622000000        99885.1800000000        114.582200000000     
  1.113674688337408E-003  1.302864068702698E-004   156.489552073559     
  1.000000000000000E-005   3868.59654496633        8483013.04416356     
   99999.6688100000        99922.5900000000        77.0788100000000     
  1.113312825557711E-003  1.303162568992686E-004   156.514982105551     
   1.10000000000000     
