   1.00000000000000        2807.83146964761        4834404.85518760     
   100000.700000000        57136.2800000000        42864.4200000000     
  1.712478431942364E-003  9.526759823796226E-005   126.197887129392     
  0.672335753649934        2810.15975991123        4847575.81437902     
   99999.8100000000        57208.9700000000        42790.8400000000     
  1.710163486753466E-003  9.536645734486510E-005   126.283271580946     
  0.452035365636024        2813.61286966256        4867148.33285308     
   99999.7100000000        57316.8700000000        42682.8400000000     
  1.706735318380577E-003  9.551321427250502E-005   126.410035127890     
  0.303919538231320        2818.71123795389        4896127.03930590     
   99999.5900000000        57476.3300000000        42523.2600000000     
  1.701685306358738E-003  9.573018007343584E-005   126.597466960695     
  0.204335971785694        2826.21427692537        4938937.49561373     
   99999.4200000000        57711.3200000000        42288.1000000000     
  1.694279360619817E-003  9.605004630356751E-005   126.873853675213     
  0.137382379588326        2837.20790865309        5001980.07998684     
   99999.3000000000        58056.3500000000        41942.9500000000     
  1.683486697893707E-003  9.651977603150394E-005   127.279892041153     
  9.236708571873861E-002   2853.22663417348        5094392.39862208     
   99999.8100000000        58560.5900000000        41439.2200000000     
  1.667894947566312E-003  9.720592937176219E-005   127.873425071897     
  6.210169418915616E-002   2876.39139665705        5228814.05230810     
   99999.7500000000        59292.8800000000        40706.8700000000     
  1.645657246917723E-003  9.820012513083770E-005   128.734500608436     
  4.175318936560400E-002   2909.64843458698        5422237.63436892     
   99999.6800000000        60350.4900000000        39649.1900000000     
  1.614454225831457E-003  9.962648487793328E-005   129.972591535978     
  2.807216203941176E-002   2957.11266977176        5695607.95916366     
   99999.6200000000        61871.8500000000        38127.7700000000     
  1.571625989793184E-003  1.016457219966330E-004   131.731623116418     
  1.887391822135097E-002   3024.77735131414        6069813.47096981     
   99999.5700000000        64061.0000000000        35938.5700000000     
  1.514581679888772E-003  1.044528421986960E-004   134.189422664987     
  1.268961003167922E-002   3121.64397753881        6550445.56043029     
   99999.0900000000        67221.6700000000        32777.4200000000     
  1.441997280524449E-003  1.082450338974152E-004   137.525233198038     
  8.531678524172805E-003   3258.30606967857        7091073.10107939     
   99999.0200000000        71701.3700000000        28297.6500000000     
  1.357141685215813E-003  1.130667896865264E-004   141.759436703185     
  5.736152510448676E-003   3429.56348741584        7578559.84629226     
   99999.8200000000        77346.0000000000        22653.8200000000     
  1.272980750986798E-003  1.183867675639334E-004   146.370522442741     
  3.856620421163472E-003   3598.03175653170        7945418.06015913     
   99999.6100000000        83015.8300000000        16983.7800000000     
  1.205212484047009E-003  1.231422322918908E-004   150.429397146577     
  2.592943797404667E-003   3733.47078310322        8212447.73525938     
   99999.6300000000        87752.3900000000        12247.2400000000     
  1.157290497167241E-003  1.267794764460465E-004   153.512352815436     
  1.743328822199987E-003   3832.44882254451        8409001.34608153     
   99999.7160000000        91359.6000000000        8640.11600000000     
  1.124775684827054E-003  1.293765900210916E-004   155.715398605837     
  1.172102297533479E-003   3902.79181420440        8554678.96815079     
   99999.8630000000        93985.3300000000        6014.53300000000     
  1.102642870454154E-003  1.312017761056285E-004   157.270434255812     
  7.880462815669905E-004   3953.22275038362        8663999.44283887     
   99999.7870000000        95848.9800000000        4150.80700000000     
  1.087182345755056E-003  1.325027479441186E-004   158.384737348932     
  5.298316906283707E-004   3990.10475505354        8747224.22364930     
   99999.3160000000        97151.9900000000        2847.32600000000     
  1.076059968292439E-003  1.334511537692099E-004   159.201182247208     
  3.562247890262441E-004   4017.31956196775        8810689.53684779     
   99999.4950000000        98055.4400000000        1944.05500000000     
  1.067941492796478E-003  1.341496650858690E-004   159.805159585234     
  2.395026619987484E-004   4037.20995756414        8858291.65583036     
   99999.7990000000        98677.5500000000        1322.24900000000     
  1.062051268629430E-003  1.346596095845302E-004   160.247693573459     
  1.610262027560939E-004   4051.48084957380        8893122.86474769     
   99999.7964000000        99103.2600000000        896.536400000000     
  1.057846109482111E-003  1.350252309661394E-004   160.565886999220     
  1.082636733874054E-004   4061.54337698544        8918039.43956936     
   99999.8247000000        99393.4000000000        606.424700000000     
  1.054890965774256E-003  1.352829238546616E-004   160.790632461619     
  7.278953843983146E-005   4068.53599135193        8935533.88156117     
   99999.7982000000        99590.3400000000        409.458200000000     
  1.052842040945187E-003  1.354619509928801E-004   160.947013062831     
  4.893900918477489E-005   4073.34065307809        8947641.63994367     
   99999.6130000000        99723.5000000000        276.113000000000     
  1.051436361660756E-003  1.355849405876492E-004   161.054563349253     
  3.290344562312664E-005   4076.62461993797        8955958.75058455     
   99999.5989000000        99813.5700000000        186.028900000000     
  1.050476571492334E-003  1.356689942891427E-004   161.128122088912     
  2.212216291070446E-005   4078.86175411967        8961644.10974646     
   99999.8021000000        99874.5400000000        125.262100000000     
  1.049823186329218E-003  1.357262500432401E-004   161.178255515102     
  1.487352107293512E-005   4080.34966393765        8965434.23315505     
   99999.0032800000        99914.6900000000        84.3132800000000     
  1.049388823056099E-003  1.357643288625148E-004   161.211609572624     
  1.000000000000000E-005   4081.37051944618        8968038.72919090     
   99999.0202600000        99942.2800000000        56.7402600000000     
  1.049090898423641E-003  1.357904539532065E-004   161.234498701949     
   1.10000000000000     
