   1.00000000000000        4680.15425971739        11488955.9337524     
   300000.900000000        131905.400000000        168095.500000000     
  8.771300625154314E-004  1.512848636039375E-004   176.332608359469     
  0.672335753649934        4686.15918240105        11529437.2490658     
   299999.400000000        132117.400000000        167882.000000000     
  8.753403158024146E-004  1.514442291488352E-004   176.512784433849     
  0.452035365636024        4694.97537358092        11589636.5152100     
   299999.200000000        132428.900000000        167570.300000000     
  8.727074907479261E-004  1.516783828625899E-004   176.778840990126     
  0.303919538231320        4707.81770403672        11678981.7646244     
   299998.600000000        132883.500000000        167115.100000000     
  8.688610879623069E-004  1.520198463610523E-004   177.169705770593     
  0.204335971785694        4726.36148544154        11811526.0250485     
   299998.500000000        133541.600000000        166456.900000000     
  8.632830149338590E-004  1.525136782286728E-004   177.741174320398     
  0.137382379588326        4752.79412296725        12007885.5937371     
   299997.700000000        134483.200000000        165514.500000000     
  8.552814238666549E-004  1.532191112676211E-004   178.570671465962     
  9.236708571873861E-002   4789.86774260263        12298599.1975886     
   299999.400000000        135811.300000000        164188.100000000     
  8.439551967077030E-004  1.542113002595825E-004   179.764928969776     
  6.210169418915616E-002   4840.74490657735        12728209.6461678     
   299997.800000000        137649.000000000        162348.800000000     
  8.282086127949030E-004  1.555773258671567E-004   181.465809044936     
  4.175318936560400E-002   4908.89922393306        13363086.6788829     
   299998.400000000        140142.200000000        159856.200000000     
  8.067384972596845E-004  1.574122696973332E-004   183.864681716275     
  2.807216203941176E-002   4997.81219383613        14301731.7455975     
   299998.600000000        143458.700000000        156539.900000000     
  7.780949550077984E-004  1.598049154491780E-004   187.218361354795     
  1.887391822135097E-002   5111.06661847355        15692936.6885860     
   299997.600000000        147814.900000000        152182.700000000     
  7.406994146141419E-004  1.628202358182087E-004   191.886218519096     
  1.268961003167922E-002   5253.04695697682        17762720.0492679     
   299999.200000000        153551.900000000        146447.300000000     
  6.929266779813933E-004  1.664639743996283E-004   198.390649632915     
