   1.00000000000000        5313.14067086635        18746681.2794655     
   500001.600000000        243116.900000000        256884.700000000     
  6.726651105260307E-004  1.679288801307079E-004   201.356387234123     
  0.672335753649934        5319.51724756014        18854676.6526196     
   499998.400000000        244690.600000000        255307.800000000     
  6.705211532575112E-004  1.680808518462150E-004   201.678044694273     
  0.452035365636024        5328.85868234263        19014089.9570987     
   499998.000000000        246851.800000000        253146.200000000     
  6.673834723557576E-004  1.683021875890677E-004   202.151581438882     
  0.303919538231320        5342.46992720018        19248893.6673891     
   499996.800000000        249757.200000000        250239.600000000     
  6.628191719744915E-004  1.686218573841230E-004   202.846416646831     
  0.204335971785694        5362.20788506075        19594584.2815755     
   499995.300000000        253560.500000000        246434.800000000     
  6.562191046331730E-004  1.690792197137829E-004   203.863953439306     
  0.137382379588326        5390.70052331789        20104033.8664675     
   499999.200000000        258317.500000000        241681.700000000     
  6.467393119081882E-004  1.697258551525513E-004   205.352623128842     
  9.236708571873861E-002   5431.70088265826        20857294.0325016     
   499998.600000000        263676.200000000        236322.400000000     
  6.332233470903673E-004  1.706264064785559E-004   207.532651787385     
  6.210169418915616E-002   5491.25407598931        21988519.8567274     
   499998.100000000        268106.400000000        231891.700000000     
  6.139362470688873E-004  1.718670888586982E-004   210.767317599133     
  4.175318936560400E-002   5581.44506164157        23763682.8103851     
   499997.500000000        267706.000000000        232291.500000000     
  5.857747511094255E-004  1.735853485718359E-004   215.774236926043     
  2.807216203941176E-002   5730.21528246256        26744011.1995391     
   499996.300000000        258848.700000000        241147.600000000     
  5.430886824449600E-004  1.760082290689914E-004   224.093636048657     
  1.887391822135097E-002   6001.27977916763        31687258.3120431     
   499997.700000000        249950.100000000        250047.600000000     
  4.807264189450977E-004  1.795796664515689E-004   238.185768583332     
  1.268961003167922E-002   6608.57418925455        37912591.8527283     
   499995.800000000        264186.000000000        235809.800000000     
  4.029384096137275E-004  1.886937689986914E-004   260.162832016733     
  8.531678524172805E-003   7667.77848861401        41310621.1605009     
   499998.800000000        313190.900000000        186807.900000000     
  3.400639272351546E-004  2.099819951422345E-004   283.194116034884     
  5.736152510448676E-003   8557.58176553854        43146049.0068889     
   499998.600000000        363008.200000000        136990.400000000     
  3.042187567391071E-004  2.286618071142650E-004   299.413590686324     
  3.856620421163472E-003   9190.33129190147        44415992.4930485     
   499998.230000000        402770.400000000        97227.8300000000     
  2.832066676900700E-004  2.418788410670807E-004   310.322142732054     
  2.592943797404667E-003   9627.30802546135        45294616.1512998     
   499996.420000000        432321.900000000        67674.5200000000     
  2.703350404354282E-004  2.509582144537349E-004   317.624014930549     
  1.743328822199987E-003   9925.29405695652        45895053.6403459     
   499998.710000000        453464.100000000        46534.6100000000     
  2.622125355936459E-004  2.571277386304110E-004   322.505983803134     
  1.172102297533479E-003   10127.1542655665        46302253.0463447     
   499999.290000000        468247.300000000        31751.9900000000     
  2.569831101347940E-004  2.612974943269997E-004   325.770842945998     
  7.880462815669905E-004   10263.4022637695        46577238.3835853     
   499996.580000000        478438.700000000        21557.8800000000     
  2.535701358006292E-004  2.641077406828655E-004   327.955901538542     
  5.298316906283707E-004   10355.2748847302        46762703.8147003     
   499998.700000000        485409.200000000        14589.5000000000     
  2.513195978210492E-004  2.660008602325980E-004   329.421032437237     
  3.562247890262441E-004   10417.1169276225        46887557.5428624     
   499998.836000000        490145.900000000        9852.93600000000     
  2.498271083939029E-004  2.672743553519350E-004   330.403562501446     
  2.395026619987484E-004   10458.7032663650        46971519.8697789     
   499996.401000000        493351.200000000        6645.20100000000     
  2.488334165139842E-004  2.681303667378571E-004   331.062622316300     
  1.610262027560939E-004   10486.6811097861        47028007.5418054     
   499994.981000000        495516.900000000        4478.08100000000     
  2.481693396618257E-004  2.687060984934492E-004   331.505271970375     
  1.082636733874054E-004   10505.5337328021        47066071.3905438     
   499996.938000000        496980.600000000        3016.33800000000     
  2.477238563260906E-004  2.690939768627810E-004   331.803212068107     
  7.278953843983146E-005   10518.1723943660        47091589.1144596     
   499995.029000000        497963.600000000        2031.42900000000     
  2.474261035428202E-004  2.693539747763784E-004   332.002798173562     
  4.893900918477489E-005   10526.7319069690        47108870.9298860     
   499998.779000000        498630.500000000        1368.27900000000     
  2.472248578709294E-004  2.695300429697270E-004   332.137898937811     
  3.290344562312664E-005   10532.4622428705        47120440.5696671     
   499999.185300000        499077.200000000        921.985300000000     
  2.470903131150536E-004  2.696479085846849E-004   332.228313916441     
  2.212216291070446E-005   10536.3149149828        47128219.1676491     
   499999.430200000        499377.700000000        621.730200000000     
  2.469999371867378E-004  2.697271500450298E-004   332.289088620434     
  1.487352107293512E-005   10538.8982724412        47133434.9974872     
   499998.969300000        499579.200000000        419.769300000000     
  2.469393739057804E-004  2.697802829755833E-004   332.329834013278     
  1.000000000000000E-005   10540.6033238816        47136877.5148003     
   499996.043700000        499712.100000000        283.943700000000     
  2.468994176027269E-004  2.698153508404870E-004   332.356723777651     
   1.10000000000000     
