   1.00000000000000        6112.38156821478        33339239.5528660     
   899996.900000000        392149.700000000        507847.200000000     
  4.610680624963118E-004  1.809934570955515E-004   243.210451236613     
  0.672335753649934        6131.80069199606        33601621.0925643     
   899996.600000000        395565.800000000        504430.800000000     
  4.579502328618914E-004  1.812481620485184E-004   244.036958042405     
  0.452035365636024        6161.60814221228        33989091.5669785     
   899992.900000000        399736.000000000        500256.900000000     
  4.533359773724731E-004  1.816451526338665E-004   245.275764654553     
  0.303919538231320        6208.43519642607        34560967.2853100     
   899993.100000000        404424.400000000        495568.700000000     
  4.464861861377192E-004  1.822852857498068E-004   247.150047347701     
  0.204335971785694        6284.92833979831        35401945.9567309     
   899997.700000000        409021.300000000        490976.400000000     
  4.362593324701472E-004  1.833792525804867E-004   250.030111832462     
  0.137382379588326        6418.70948834832        36621463.3920182     
   899995.600000000        412477.500000000        487518.100000000     
  4.208158430165380E-004  1.854462200979405E-004   254.576665046814     
  9.236708571873861E-002   6680.62790218886        38300367.5285463     
   899998.700000000        414422.900000000        485575.800000000     
  3.970719871010460E-004  1.900069705289765E-004   262.077626674885     
   1.10000000000000     
