   1.00000000000000        2610.61234493171        3885637.99715652     
   91707.6000000000        57290.4500000000        34417.1500000000     
  1.654995651538519E-003  8.759234447275112E-005   287.045783255326     
  0.672335753649934        2614.14659122793        3901569.36317669     
   91706.6400000000        57446.9300000000        34259.7100000000     
  1.651766850206905E-003  8.772531148484244E-005   287.326199178228     
  0.452035365636024        2619.31509672710        3925052.63883144     
   91706.6000000000        57675.9200000000        34030.6800000000     
  1.647046254483289E-003  8.792058378712816E-005   287.737658011813     
  0.303919538231320        2626.79942357938        3959446.56093858     
   91706.2200000000        58007.8000000000        33698.4200000000     
  1.640213354977008E-003  8.820506821378194E-005   288.336373910450     
  0.204335971785694        2637.52365947869        4009526.36536633     
   91706.8500000000        58483.9900000000        33222.8600000000     
  1.630429185352566E-003  8.861621183154031E-005   289.200231921179     
  0.137382379588326        2652.64102970338        4081698.97433365     
   91706.8400000000        59156.4800000000        32550.3600000000     
  1.616652919792646E-003  8.920267915374698E-005   290.429826838986     
  9.236708571873861E-002   2673.53498314956        4184427.33219689     
   91706.7500000000        60088.3500000000        31618.4000000000     
  1.597651697868363E-003  9.002613676816278E-005   292.151798573428     
  6.210169418915616E-002   2701.70461107348        4328180.45999456     
   91706.7100000000        61349.1300000000        30357.5800000000     
  1.572131606315870E-003  9.115872120820601E-005   294.513478131466     
  4.175318936560400E-002   2738.59100293063        4524828.58359255     
   91706.7800000000        63007.6700000000        28699.1100000000     
  1.538957657984444E-003  9.267668917932349E-005   297.670842822282     
  2.807216203941176E-002   2785.34497031758        4785694.89017626     
   91706.5300000000        65122.0500000000        26584.4800000000     
  1.497494911548350E-003  9.464677173990248E-005   301.763677610857     
  1.887391822135097E-002   2842.57045614648        5117209.82887164     
   91706.5600000000        67727.4000000000        23979.1600000000     
  1.448064885130442E-003  9.710199342464595E-005   306.870850663409     
  1.268961003167922E-002   2909.89304041755        5512613.16834508     
   91706.5500000000        70814.1500000000        20892.4000000000     
  1.392567862842712E-003  1.000000954240486E-004   312.925867611794     
  8.531678524172805E-003   2985.12720899407        5941669.01805602     
   91706.5500000000        74285.9200000000        17420.6300000000     
  1.335040757468298E-003  1.031720608854382E-004   319.596767842378     
  5.736152510448676E-003   3063.12396407484        6350271.52662956     
   91706.3500000000        77903.3400000000        13803.0100000000     
  1.281317124887917E-003  1.063071805288063E-004   326.228056047460     
  3.856620421163472E-003   3136.19184234070        6686307.72484943     
   91706.5300000000        81305.0000000000        10401.5300000000     
  1.236678912148129E-003  1.090609048873728E-004   332.063488161524     
  2.592943797404667E-003   3197.68157363606        6931395.99436773     
   91706.8300000000        84177.1900000000        7529.64000000000     
  1.203120324274743E-003  1.112359371737793E-004   336.662740522254     
  1.743328822199987E-003   3245.17660894051        7098509.95050267     
   91706.8030000000        86403.0000000000        5303.80300000000     
  1.179430937967449E-003  1.128332078982295E-004   340.026931239520     
  1.172102297533479E-003   3279.86825677782        7209623.66086017     
   91706.2580000000        88033.8100000000        3672.44800000000     
  1.163214895972043E-003  1.139589582900584E-004   342.388830158751     
  7.880462815669905E-004   3304.40167724017        7283206.60710398     
   91706.2390000000        89190.1200000000        2516.11900000000     
  1.152246660922720E-003  1.147362102297028E-004   344.014565809116     
  5.298316906283707E-004   3321.42426311975        7332045.01597554     
   91706.6040000000        89994.0800000000        1712.52400000000     
  1.144861090195297E-003  1.152670369324574E-004   345.122409059796     
  3.562247890262441E-004   3333.09386189360        7364547.27758059     
   91706.7330000000        90546.0500000000        1160.68300000000     
  1.139898551201638E-003  1.156271602972554E-004   345.872835227867     
  2.395026619987484E-004   3341.03969889145        7386245.38991404     
   91706.8192000000        90922.2900000000        784.529200000000     
  1.136564541998713E-003  1.158706832125149E-004   346.379755916357     
  1.610262027560939E-004   3346.41136856239        7400722.51550780     
   91706.1626000000        91176.8300000000        529.332600000000     
  1.134330727674487E-003  1.160345624004627E-004   346.720646694930     
  1.082636733874054E-004   3350.05756594325        7410463.46052451     
   91706.4409000000        91349.7100000000        356.730900000000     
  1.132823519766421E-003  1.161454625378401E-004   346.951223316032     
  7.278953843983146E-005   3352.51807602947        7416998.22313602     
   91706.6325000000        91466.4100000000        240.222500000000     
  1.131810524367132E-003  1.162201472114938E-004   347.106452751249     
  4.893900918477489E-005   3354.17613560942        7421384.46389800     
   91706.7416000000        91545.0600000000        161.681600000000     
  1.131129742796270E-003  1.162704062060467E-004   347.210891529536     
  3.290344562312664E-005   3355.29168661854        7424327.76011815     
   91706.7719000000        91597.9900000000        108.781900000000     
  1.130672540115000E-003  1.163041898153472E-004   347.281083984113     
  2.212216291070446E-005   3356.03055050555        7426273.76529210     
   91706.2229100000        91633.0500000000        73.1729100000000     
  1.130370087085456E-003  1.163265521179153E-004   347.327541761451     
  1.487352107293512E-005   3356.54046604303        7427615.18211571     
   91706.4629900000        91657.2500000000        49.2129900000000     
  1.130161523636475E-003  1.163419788027734E-004   347.359588654933     
  1.000000000000000E-005   3356.88372866433        7428517.46209979     
   91706.6352100000        91673.5400000000        33.0952100000000     
  1.130021201825580E-003  1.163523607699906E-004   347.381154846926     
   1.10000000000000     
