   1.00000000000000        2924.84639215158        5599651.08432283     
   195000.340000000        105740.000000000        89260.3400000000     
  1.380722983422929E-003  1.006387456557033E-004   314.265257149446     
  0.672335753649934        2928.75769393992        5622310.36131556     
   194999.420000000        105931.200000000        89068.2200000000     
  1.377656745067348E-003  1.008052600616083E-004   314.614791241518     
  0.452035365636024        2934.57810630955        5655934.67847131     
   194999.270000000        106215.700000000        88783.5700000000     
  1.373119036661172E-003  1.010525912990159E-004   315.134211490813     
  0.303919538231320        2943.22947702316        5705682.58098631     
   194998.390000000        106638.800000000        88359.5900000000     
  1.366430823934192E-003  1.014191292863530E-004   315.904506663795     
  0.204335971785694        2956.10916403432        5779166.13211213     
   194998.660000000        107268.900000000        87729.7600000000     
  1.356602006892996E-003  1.019621491641610E-004   317.046831701880     
  0.137382379588326        2975.31166772917        5887224.34503465     
   194999.460000000        108208.800000000        86790.6600000000     
  1.342241726653501E-003  1.027650673193127E-004   318.738316560155     
  9.236708571873861E-002   3004.06927819558        6045027.97414827     
   194999.910000000        109617.100000000        85382.8100000000     
  1.321417541684488E-003  1.039502590964521E-004   321.239989750618     
  6.210169418915616E-002   3047.59843684820        6272742.34324298     
   194999.650000000        111749.100000000        83250.5500000000     
  1.291508011555148E-003  1.056983961416010E-004   324.938428049125     
  4.175318936560400E-002   3114.95262822621        6593660.89405651     
   194999.020000000        115045.700000000        79953.3200000000     
  1.249099648646179E-003  1.082796486953018E-004   330.408389588803     
  2.807216203941176E-002   3222.90814062960        7022428.32155107     
   194999.110000000        120319.900000000        74679.2100000000     
  1.190312340474593E-003  1.120927774261811E-004   338.469166023828     
  1.887391822135097E-002   3396.46000217162        7528852.74333571     
   194998.070000000        128813.000000000        66185.0700000000     
  1.114245455917120E-003  1.175344628462477E-004   349.831658170011     
  1.268961003167922E-002   3629.53539553477        8026343.16213941     
   194999.730000000        140492.500000000        54507.2300000000     
  1.033598508244986E-003  1.240651503017046E-004   363.223206598656     
  8.531678524172805E-003   3855.40461773445        8473382.29718536     
   194999.300000000        152608.100000000        42391.2000000000     
  9.678248373658003E-004  1.300155960332486E-004   375.362724197952     
  5.736152510448676E-003   4032.69028873355        8872333.92932609     
   194999.140000000        163122.800000000        31876.3400000000     
  9.208826724779776E-004  1.345793456863869E-004   384.810913858787     
  3.856620421163472E-003   4165.61176975105        9231178.39970593     
   194999.440000000        171506.800000000        23492.6400000000     
  8.872102572760469E-004  1.379808361523907E-004   392.045312028117     
  2.592943797404667E-003   4273.32947175315        9577756.81467376     
   194999.640000000        177825.800000000        17173.8400000000     
  8.603952550572254E-004  1.407405796675477E-004   398.107675794724     
  1.743328822199987E-003   4371.23472357001        9949698.46486227     
   194998.290000000        182425.100000000        12573.1900000000     
  8.361043078385862E-004  1.432606231375665E-004   403.849303833876     
  1.172102297533479E-003   4460.32584172858        10346583.8738484     
   195000.667000000        185801.700000000        9198.96700000000     
  8.138714699238546E-004  1.455695014462289E-004   409.328207057525     
  7.880462815669905E-004   4534.17506875096        10725861.9999976     
   194999.273000000        188336.800000000        6662.47300000000     
  7.952316501699711E-004  1.474979323038216E-004   414.097657026101     
  5.298316906283707E-004   4590.86589281425        11052503.9086984     
   195000.570000000        190246.900000000        4753.67000000000     
  7.807373985466809E-004  1.489884316934565E-004   417.923819016875     
  3.562247890262441E-004   4632.29778680910        11312796.3906896     
   194999.086000000        191657.200000000        3341.88600000000     
  7.700212192516554E-004  1.500835554024190E-004   420.821848853616     
  2.395026619987484E-004   4661.79645962982        11510041.4648011     
   195000.590000000        192679.800000000        2320.79000000000     
  7.623208825997357E-004  1.508662420327327E-004   422.941914260819     
  1.610262027560939E-004   4682.35790858893        11653687.1657949     
   195000.382000000        193403.800000000        1596.58200000000     
  7.569165226574688E-004  1.514132289501642E-004   424.449130535073     
  1.082636733874054E-004   4696.50989841673        11755595.2108259     
   194999.007000000        193908.100000000        1090.90700000000     
  7.531784896456135E-004  1.517903704565036E-004   425.501103933067     
  7.278953843983146E-005   4706.23570760816        11827100.3112842     
   195000.823900000        194258.900000000        741.923900000000     
  7.506006984513417E-004  1.520498613605328E-004   426.231130761516     
  4.893900918477489E-005   4712.80290500758        11876070.5989903     
   194999.583700000        194496.600000000        502.983700000000     
  7.488559420771457E-004  1.522252153369397E-004   426.727380966730     
  3.290344562312664E-005   4717.30114541213        11909936.2561675     
   195001.268400000        194660.900000000        340.368400000000     
  7.476589155451949E-004  1.523453875831061E-004   427.068848027297     
  2.212216291070446E-005   4720.28942188595        11932580.1857904     
   194999.801500000        194769.700000000        230.101500000000     
  7.468628259111361E-004  1.524252482713800E-004   427.296397121665     
  1.487352107293512E-005   4722.34119852518        11948195.6245653     
   195000.653400000        194845.100000000        155.553400000000     
  7.463158157197787E-004  1.524800940029770E-004   427.452961957099     
  1.000000000000000E-005   4723.72667522009        11958771.4359043     
   195001.338500000        194896.100000000        105.238500000000     
  7.459462547950935E-004  1.525171347747218E-004   427.558834864428     
   1.10000000000000     
