   1.00000000000000        6758.93833686947        36594196.4325764     
   2369016.00000000        1166132.00000000        1202884.00000000     
  1.344687082691104E-003  1.936326213723643E-004   489.458367102914     
  0.672335753649934        6775.04988354005        36731794.3346138     
   2369002.00000000        1173358.00000000        1195644.00000000     
  1.339284564760688E-003  1.938816410762183E-004   490.444577140539     
  0.452035365636024        6799.44244290392        36933584.2458302     
   2368999.00000000        1182735.00000000        1186264.00000000     
  1.331301376028649E-003  1.942631707149157E-004   491.912854127377     
  0.303919538231320        6836.83529551394        37228227.8275647     
   2368992.00000000        1194449.00000000        1174543.00000000     
  1.319500136357094E-003  1.948585072598151E-004   494.107711173927     
  0.204335971785694        6895.56111464243        37657290.5297873     
   2368989.00000000        1208495.00000000        1160494.00000000     
  1.301953901171486E-003  1.958184475558869E-004   497.426058557619     
  0.137382379588326        6991.51047320284        38279033.8081055     
   2369011.00000000        1224524.00000000        1144487.00000000     
  1.275577036131389E-003  1.974487429437524E-004   502.542700467782     
  9.236708571873861E-002   7158.10797842125        39167881.3514973     
   2368987.00000000        1241506.00000000        1127481.00000000     
  1.235241646713183E-003  2.004382327500400E-004   510.681733455171     
  6.210169418915616E-002   7473.39177872200        40405394.7229004     
   2368988.00000000        1258132.00000000        1110856.00000000     
  1.172008237096756E-003  2.064930922708484E-004   524.277140605284     
  4.175318936560400E-002   8092.49669915041        42064830.9076482     
   2369007.00000000        1274641.00000000        1094366.00000000     
  1.074972961327351E-003  2.191019050072017E-004   547.428570935499     
  2.807216203941176E-002   9159.08668894454        44329187.5021461     
   2368988.00000000        1298143.00000000        1070845.00000000     
  9.475638985635257E-004  2.412896504977256E-004   583.071708661142     
  1.887391822135097E-002   10671.4780975241        47397645.4199419     
   2368990.00000000        1354337.00000000        1014653.00000000     
  8.129401349094625E-004  2.725532151300079E-004   629.501745448142     
  1.268961003167922E-002   12447.6726975107        50969223.4390848     
   2368989.10000000        1469417.00000000        899572.100000000     
  6.969010676144478E-004  3.088483592541963E-004   679.893135210446     
  8.531678524172805E-003   14173.9641065350        54371232.4985104     
   2368993.10000000        1630921.00000000        738072.100000000     
  6.120181061413609E-004  3.438325780039968E-004   725.511140795317     
  5.736152510448676E-003   15601.2112484217        57116434.1466306     
   2368995.10000000        1801784.00000000        567211.100000000     
  5.560277624915912E-004  3.726342371534055E-004   761.163549793821     
  3.856620421163472E-003   16660.3044542625        59113152.2799814     
   2368992.50000000        1952608.00000000        416384.500000000     
  5.206808581545829E-004  3.939722735880234E-004   786.575500141636     
  2.592943797404667E-003   17402.2347903960        60492387.6013788     
   2368998.40000000        2072033.00000000        296965.400000000     
  4.984819325547671E-004  4.089147927459355E-004   803.899040110222     
  1.743328822199987E-003   17908.6818719744        61425115.3823453     
   2369003.30000000        2160756.00000000        208247.300000000     
  4.843851008091978E-004  4.191155772172358E-004   815.512895770983     
  1.172102297533479E-003   18250.5785272907        62050952.1884388     
   2368991.50000000        2224230.00000000        144761.500000000     
  4.753108591288830E-004  4.260034370509047E-004   823.260640961908     
  7.880462815669905E-004   18480.5597522100        62470246.0453038     
   2368991.20000000        2268644.00000000        100347.200000000     
  4.693958395589980E-004  4.306375828216198E-004   828.431498273128     
  5.298316906283707E-004   18635.0513919533        62751167.0882273     
   2368992.66000000        2299285.00000000        69707.6600000000     
  4.655043603286886E-004  4.337511135441031E-004   831.887013091625     
  3.562247890262441E-004   18738.7942477335        62939478.9951453     
   2368993.46000000        2320236.00000000        48757.4600000000     
  4.629272005538956E-004  4.358421381276586E-004   834.199396323521     
  2.395026619987484E-004   18808.6464102041        63066125.5985094     
   2369017.27000000        2334503.00000000        34514.2700000000     
  4.612079625186645E-004  4.372501896843347E-004   835.752766368272     
  1.610262027560939E-004   18855.2622194348        63150577.5489004     
   2368988.97000000        2344122.00000000        24866.9700000000     
  4.600677168755174E-004  4.381899092770748E-004   836.787802823690     
  1.082636733874054E-004   18886.8196965583        63207719.2762700     
   2369002.71000000        2350654.00000000        18348.7100000000     
  4.592990004526570E-004  4.388260972766488E-004   837.487764724550     
  7.278953843983146E-005   18907.7989901050        63245693.6773365     
   2368979.77000000        2355028.00000000        13951.7700000000     
  4.587893806081038E-004  4.392490447675398E-004   837.952773230202     
  4.893900918477489E-005   18922.0555905518        63271493.3958456     
   2368986.03000000        2357997.00000000        10989.0300000000     
  4.584437103913334E-004  4.395364667477923E-004   838.268625242310     
  3.290344562312664E-005   18931.6419811596        63288838.8550186     
   2368991.11600000        2359997.00000000        8994.11600000000     
  4.582115683532693E-004  4.397297369269050E-004   838.480942826311     
  2.212216291070446E-005   18938.0843178664        63300494.2828472     
   2368994.53200000        2361343.00000000        7651.53200000000     
  4.580556941106932E-004  4.398596213345759E-004   838.623596292364     
  1.487352107293512E-005   18942.3126342666        63308143.5838860     
   2368981.26000000        2362233.00000000        6748.26000000000     
  4.579534463760397E-004  4.399448692290895E-004   838.717211241584     
  1.000000000000000E-005   18945.2537805038        63313464.0587176     
   2368986.68800000        2362846.00000000        6140.68800000000     
  4.578823514751937E-004  4.400041664777666E-004   838.782322074469     
