   1.00000000000000        4660.17287907479        11357244.1644920     
   300001.200000000        159337.800000000        140663.400000000     
  8.830652793567136E-004  1.507552965353646E-004   175.739027833944     
  0.672335753649934        4663.12427606971        11376413.0577083     
   299998.500000000        159635.700000000        140362.800000000     
  8.821905259561186E-004  1.508334471666903E-004   175.826135321144     
  0.452035365636024        4667.48264799123        11404900.0479640     
   299998.000000000        160074.800000000        139923.200000000     
  8.808975571543333E-004  1.509488980820949E-004   175.955126031986     
  0.303919538231320        4673.87268307939        11447057.1981415     
   299999.500000000        160719.100000000        139280.400000000     
  8.789992403854117E-004  1.511182627410288E-004   176.145023628423     
  0.204335971785694        4683.13812471805        11509018.6933147     
   299997.100000000        161658.600000000        138338.500000000     
  8.762410871126218E-004  1.513640404058417E-004   176.422033641766     
  0.137382379588326        4696.51325345183        11600231.7266736     
   299999.500000000        163032.000000000        136967.500000000     
  8.722475869665748E-004  1.517192499238865E-004   176.825439490279     
  9.236708571873861E-002   4715.49081359359        11733314.7350110     
   299998.000000000        165024.000000000        134974.000000000     
  8.665564549535287E-004  1.522240763948318E-004   177.405144348229     
  6.210169418915616E-002   4741.95384359560        11926282.7352121     
   299997.400000000        167897.000000000        132100.400000000     
  8.585702452003512E-004  1.529295968809100E-004   178.228327374992     
  4.175318936560400E-002   4777.90028170959        12202755.2963085     
   299999.600000000        171990.600000000        128009.000000000     
  8.476247699776936E-004  1.538906877961574E-004   179.375382296666     
  2.807216203941176E-002   4825.01349863191        12591463.3069697     
   299997.900000000        177702.000000000        122295.900000000     
  8.331030103701853E-004  1.551544803044217E-004   180.931974754376     
  1.887391822135097E-002   4884.09066892772        13123820.7073715     
   299999.000000000        185418.200000000        114580.800000000     
  8.146036680446816E-004  1.567439645448944E-004   182.974898697619     
  1.268961003167922E-002   4954.17855810538        13824887.0518988     
   299999.300000000        195262.900000000        104736.400000000     
  7.922385247744203E-004  1.586318338147861E-004   185.539654569675     
  8.531678524172805E-003   5033.12573010606        14711330.9744339     
   299998.070000000        206423.000000000        93575.0700000000     
  7.665334983342109E-004  1.607510030529840E-004   188.624970199496     
  5.736152510448676E-003   5128.36767491110        15925608.1895162     
   299999.400000000        215032.300000000        84967.1000000000     
  7.349151759881178E-004  1.632745489453120E-004   192.639873426103     
  3.856620421163472E-003   5264.78233652178        17949977.3486688     
   300000.970000000        217868.800000000        82132.1700000000     
  6.889647113718256E-004  1.667544252015209E-004   198.960267375856     
  2.592943797404667E-003   5412.93213756977        20509652.0007837     
   300000.420000000        224730.300000000        75270.1200000000     
  6.393899864782449E-004  1.702186826311546E-004   206.529443737268     
   1.10000000000000     
