   1.00000000000000        4729.79755640548        11836552.4044137     
   300001.500000000        148934.200000000        151067.300000000     
  8.622462511387373E-004  1.526052809203212E-004   177.848000524856     
  0.672335753649934        4737.14374782210        11890554.3491297     
   299999.400000000        149757.800000000        150241.600000000     
  8.600263128479987E-004  1.528012246794517E-004   178.077388109785     
  0.452035365636024        4747.80386287445        11970132.7839881     
   299998.900000000        150959.500000000        149039.400000000     
  8.567966844315941E-004  1.530857995426288E-004   178.412698206111     
  0.303919538231320        4763.09202278624        12086813.1762697     
   299999.300000000        152701.000000000        147298.300000000     
  8.521476242665380E-004  1.534944001704152E-004   178.898721099165     
  0.204335971785694        4784.67609436838        12256783.1099312     
   299999.600000000        155203.400000000        144796.200000000     
  8.455486960078705E-004  1.540721772331000E-004   179.595458206047     
  0.137382379588326        4814.51271620781        12502152.6391354     
   299997.600000000        158752.600000000        141245.000000000     
  8.363572916620232E-004  1.548724456712708E-004   180.579625398055     
  9.236708571873861E-002   4854.67582970435        12852307.1310549     
   299999.400000000        163687.200000000        136312.200000000     
  8.238551864542083E-004  1.559520593993845E-004   181.944631381783     
  6.210169418915616E-002   4906.89026753795        13343354.8537400     
   299998.900000000        170297.300000000        129701.600000000     
  8.073775185192229E-004  1.573581457341235E-004   183.791904603536     
  4.175318936560400E-002   4972.36227865666        14019737.0596978     
   299999.300000000        178553.700000000        121445.600000000     
  7.863641708105296E-004  1.591210972547458E-004   186.231383964590     
  2.807216203941176E-002   5052.93178914447        14950551.5405022     
   299999.400000000        187330.400000000        112669.000000000     
  7.600074361201064E-004  1.612797082635338E-004   189.433088812738     
  1.887391822135097E-002   5158.68242186655        16346387.3693032     
   299999.100000000        192902.900000000        107096.200000000     
  7.247462383693865E-004  1.640648306849441E-004   193.986639317648     
  1.268961003167922E-002   5316.26056968740        18799436.8694121     
   299998.700000000        191653.200000000        108345.500000000     
  6.716159217180210E-004  1.680033247510252E-004   201.513604372735     
  8.531678524172805E-003   5536.39571908845        22869689.1142332     
   299999.400000000        190481.100000000        109518.300000000     
  5.996614248362859E-004  1.727516401748116E-004   213.261203134446     
  5.736152510448676E-003   5818.05592152842        28455166.4832225     
   299998.700000000        197570.700000000        102428.000000000     
  5.205809752037847E-004  1.772418100739986E-004   228.886790941944     
  3.856620421163472E-003   6178.37175724799        34198944.9696474     
   299998.290000000        214281.800000000        85716.4900000000     
  4.508291636417849E-004  1.818718984843565E-004   245.956737179004     
  2.592943797404667E-003   6599.28179427388        37859044.6867633     
   299999.570000000        235739.300000000        64260.2700000000     
  4.037267551503045E-004  1.885273105917869E-004   259.908702841178     
  1.743328822199987E-003   6969.84279206619        39492100.1037029     
   299999.130000000        254726.900000000        45272.2300000000     
  3.768985441793190E-004  1.955883247511209E-004   269.000016176247     
  1.172102297533479E-003   7238.58007941572        40291335.9356359     
   299997.710000000        268829.800000000        31167.9100000000     
  3.613196883561765E-004  2.010456332090305E-004   274.737983497182     
  7.880462815669905E-004   7422.70826085128        40752985.7250517     
   299998.600000000        278748.100000000        21250.5000000000     
  3.517643198678176E-004  2.048598493837206E-004   278.444485067948     
  5.298316906283707E-004   7547.11379287944        41042040.4387311     
   299999.710000000        285585.100000000        14414.6100000000     
  3.456965352570672E-004  2.074556086421020E-004   280.877529985771     
  3.562247890262441E-004   7630.81928926647        41229365.2345540     
   299999.082000000        290251.100000000        9747.98200000000     
  3.417645975801746E-004  2.092074853547803E-004   282.488630102923     
  2.395026619987484E-004   7687.08408643883        41352754.4806193     
   299997.821000000        293418.100000000        6579.72100000000     
  3.391838347512149E-004  2.103867563886654E-004   283.561284806462     
  1.610262027560939E-004   7724.92331510924        41434769.8934616     
   299998.198000000        295562.200000000        4435.99800000000     
  3.374748045753357E-004  2.111804335362665E-004   284.278379190387     
  1.082636733874054E-004   7750.39879483746        41489596.0414498     
   300000.933000000        297012.300000000        2988.63300000000     
  3.363358128970862E-004  2.117150030680860E-004   284.759322480297     
  7.278953843983146E-005   7767.45421790854        41526138.1498419     
   299998.496000000        297985.700000000        2012.79600000000     
  3.355783848262203E-004  2.120729755525640E-004   285.080503846283     
  4.893900918477489E-005   7778.95425628347        41550707.3865027     
   299999.085000000        298643.600000000        1355.48500000000     
  3.350699485389345E-004  2.123143828900917E-004   285.296712838254     
  3.290344562312664E-005   7786.71344747730        41567253.6366417     
   300001.099700000        299088.100000000        912.999700000000     
  3.347279279682023E-004  2.124772779474502E-004   285.442431771669     
  2.212216291070446E-005   7791.85405820686        41578202.4572810     
   299997.852400000        299382.600000000        615.252400000000     
  3.345017853986659E-004  2.125852053877181E-004   285.538903235461     
  1.487352107293512E-005   7795.38976783784        41585726.9553388     
   300000.554400000        299585.600000000        414.954400000000     
  3.343464530662290E-004  2.126594406886610E-004   285.605224047590     
  1.000000000000000E-005   7797.73418362827        41590713.4981033     
   300000.436200000        299720.200000000        280.236200000000     
  3.342435505568070E-004  2.127086649944131E-004   285.649184838129     
   1.10000000000000     
