VARIABLES =  "gamma" "Te" "he" "qw" "qwcond" "qwdiff" "xe" "mue" "ve"
   1.00000000000000        4222.06160601667        9189714.10419165     
   409997.500000000        209447.200000000        200550.300000000     
  2.027325642324423E-003  1.391937450289775E-004   239.578110394560     
  0.545559478116852        4238.08626879463        9232449.85260734     
   409997.300000000        210748.500000000        199248.800000000     
  2.018492365628302E-003  1.396029117276839E-004   240.101756683356     
  0.297635144163132        4266.25943014397        9309667.99703020     
   409998.000000000        213085.800000000        196912.200000000     
  2.003034938821922E-003  1.403220600730930E-004   241.026410427512     
  0.162377673918872        4314.12594173588        9447462.80573653     
   409999.400000000        217214.600000000        192784.800000000     
  1.976955318131588E-003  1.415437434316994E-004   242.610991409288     
  8.858667904100828E-002   4390.86570784464        9688045.95407227     
   410002.000000000        224307.900000000        185694.100000000     
  1.935500999399793E-003  1.435038944374829E-004   245.195337365546     
  4.832930238571755E-002   4503.05667195018        10092026.4173304     
   409996.700000000        235956.200000000        174040.500000000     
  1.875279597138501E-003  1.463793686393998E-004   249.101250464444     
  2.636650898730358E-002   4647.82232647771        10728891.2454771     
   409999.000000000        253862.000000000        156137.000000000     
  1.797300289954205E-003  1.501210796277399E-004   254.447755695162     
  1.438449888287663E-002   4809.64286544892        11640292.8739584     
   409998.700000000        278648.300000000        131350.400000000     
  1.708363716112227E-003  1.543627183457146E-004   260.986963226727     
  7.847599703514615E-003   4974.07858312343        12843566.4027307     
   409996.700000000        306481.500000000        103515.200000000     
  1.614762026516255E-003  1.587400738233076E-004   268.444658568904     
  4.281332398719396E-003   5205.31218705964        15134752.8620219     
   409997.570000000        319639.200000000        90358.3700000000     
  1.476602473218302E-003  1.649354053655226E-004   280.722559833638     
  2.335721469090124E-003   5461.10229049948        18628417.5642528     
   409997.570000000        334432.400000000        75565.1700000000     
  1.317790360836247E-003  1.714981140129480E-004   297.157050260463     
  1.274274985703135E-003   5626.69569071346        21412509.2741027     
   409998.250000000        358493.600000000        51504.6500000000     
  1.216315105316478E-003  1.752782904195125E-004   309.304468323752     
  6.951927961775605E-004   5722.86444738435        23169942.6920476     
   410000.210000000        378491.500000000        31508.7100000000     
  1.159857067405397E-003  1.772206706315814E-004   316.742995832752     
  3.792690190732250E-004   5777.38143762596        24194319.7390356     
   409999.110000000        391617.900000000        18381.2100000000     
  1.129087941526720E-003  1.782311034366336E-004   321.029819204259     
  2.069138081114790E-004   5807.85692438031        24771794.6243236     
   409998.040000000        399452.800000000        10545.2400000000     
  1.112349765072209E-003  1.787675231226943E-004   323.436161842711     
  1.128837891684689E-004   5824.74293932075        25092499.7126023     
   409997.775000000        403929.300000000        6068.47500000000     
  1.103229488794588E-003  1.790561864178080E-004   324.770315129118     
  6.158482110660267E-005   5834.04874797829        25269329.9991328     
   410000.471000000        406434.500000000        3565.97100000000     
  1.098252112903856E-003  1.792127137469104E-004   325.505426662835     
  3.359818286283781E-005   5839.14049371019        25366089.1392432     
   409999.837000000        407817.100000000        2182.73700000000     
  1.095543656659425E-003  1.792976015246162E-004   325.907543174094     
  1.832980710832437E-005   5841.93135967075        25419122.1652995     
   410000.472000000        408577.700000000        1422.77200000000     
  1.094063642444261E-003  1.793439044851144E-004   326.127907150846     
  1.000000000000000E-005   5843.45330014476        25448041.3618009     
   410000.272000000        408993.700000000        1006.57200000000     
  1.093257907519635E-003  1.793690879216770E-004   326.248063632899   
